{"/Users/adamturman/Desktop/Personal Practice/uniswap/MySnackProject/App.tsx": {"path":"/Users/adamturman/Desktop/Personal Practice/uniswap/MySnackProject/App.tsx","statementMap":{"0":{"start":{"line":33,"column":14},"end":{"line":33,"column":42}},"1":{"start":{"line":36,"column":30},"end":{"line":36,"column":59}},"2":{"start":{"line":37,"column":46},"end":{"line":37,"column":66}},"3":{"start":{"line":38,"column":34},"end":{"line":38,"column":73}},"4":{"start":{"line":39,"column":50},"end":{"line":39,"column":70}},"5":{"start":{"line":40,"column":44},"end":{"line":45,"column":17}},"6":{"start":{"line":46,"column":52},"end":{"line":46,"column":72}},"7":{"start":{"line":47,"column":48},"end":{"line":47,"column":68}},"8":{"start":{"line":49,"column":37},"end":{"line":64,"column":3}},"9":{"start":{"line":53,"column":4},"end":{"line":53,"column":31}},"10":{"start":{"line":54,"column":4},"end":{"line":54,"column":40}},"11":{"start":{"line":56,"column":4},"end":{"line":56,"column":20}},"12":{"start":{"line":58,"column":4},"end":{"line":63,"column":5}},"13":{"start":{"line":59,"column":30},"end":{"line":59,"column":66}},"14":{"start":{"line":60,"column":6},"end":{"line":60,"column":35}},"15":{"start":{"line":62,"column":6},"end":{"line":62,"column":76}},"16":{"start":{"line":66,"column":39},"end":{"line":85,"column":3}},"17":{"start":{"line":67,"column":4},"end":{"line":84,"column":5}},"18":{"start":{"line":68,"column":31},"end":{"line":68,"column":58}},"19":{"start":{"line":69,"column":6},"end":{"line":69,"column":34}},"20":{"start":{"line":71,"column":6},"end":{"line":71,"column":28}},"21":{"start":{"line":74,"column":30},"end":{"line":74,"column":61}},"22":{"start":{"line":75,"column":6},"end":{"line":75,"column":35}},"23":{"start":{"line":78,"column":30},"end":{"line":80,"column":7}},"24":{"start":{"line":81,"column":6},"end":{"line":81,"column":35}},"25":{"start":{"line":83,"column":6},"end":{"line":83,"column":74}},"26":{"start":{"line":87,"column":41},"end":{"line":89,"column":3}},"27":{"start":{"line":88,"column":4},"end":{"line":88,"column":33}},"28":{"start":{"line":91,"column":28},"end":{"line":103,"column":3}},"29":{"start":{"line":97,"column":4},"end":{"line":102,"column":7}},"30":{"start":{"line":105,"column":31},"end":{"line":108,"column":3}},"31":{"start":{"line":106,"column":4},"end":{"line":106,"column":33}},"32":{"start":{"line":110,"column":35},"end":{"line":171,"column":3}},"33":{"start":{"line":114,"column":4},"end":{"line":117,"column":5}},"34":{"start":{"line":115,"column":6},"end":{"line":115,"column":57}},"35":{"start":{"line":116,"column":6},"end":{"line":116,"column":76}},"36":{"start":{"line":119,"column":4},"end":{"line":170,"column":5}},"37":{"start":{"line":120,"column":21},"end":{"line":120,"column":56}},"38":{"start":{"line":125,"column":27},"end":{"line":125,"column":69}},"39":{"start":{"line":126,"column":6},"end":{"line":155,"column":7}},"40":{"start":{"line":127,"column":8},"end":{"line":133,"column":10}},"41":{"start":{"line":137,"column":10},"end":{"line":137,"column":69}},"42":{"start":{"line":138,"column":8},"end":{"line":140,"column":9}},"43":{"start":{"line":139,"column":10},"end":{"line":139,"column":76}},"44":{"start":{"line":142,"column":52},"end":{"line":147,"column":9}},"45":{"start":{"line":149,"column":8},"end":{"line":154,"column":10}},"46":{"start":{"line":157,"column":6},"end":{"line":163,"column":7}},"47":{"start":{"line":158,"column":8},"end":{"line":158,"column":40}},"48":{"start":{"line":160,"column":8},"end":{"line":160,"column":52}},"49":{"start":{"line":162,"column":8},"end":{"line":162,"column":62}},"50":{"start":{"line":165,"column":6},"end":{"line":165,"column":60}},"51":{"start":{"line":166,"column":6},"end":{"line":169,"column":8}},"52":{"start":{"line":173,"column":26},"end":{"line":185,"column":3}},"53":{"start":{"line":174,"column":27},"end":{"line":174,"column":60}},"54":{"start":{"line":175,"column":4},"end":{"line":175,"column":32}},"55":{"start":{"line":175,"column":25},"end":{"line":175,"column":32}},"56":{"start":{"line":177,"column":4},"end":{"line":184,"column":5}},"57":{"start":{"line":179,"column":6},"end":{"line":179,"column":40}},"58":{"start":{"line":180,"column":30},"end":{"line":180,"column":73}},"59":{"start":{"line":181,"column":6},"end":{"line":181,"column":35}},"60":{"start":{"line":183,"column":6},"end":{"line":183,"column":58}},"61":{"start":{"line":187,"column":23},"end":{"line":198,"column":3}},"62":{"start":{"line":189,"column":4},"end":{"line":189,"column":20}},"63":{"start":{"line":190,"column":4},"end":{"line":190,"column":22}},"64":{"start":{"line":191,"column":4},"end":{"line":191,"column":28}},"65":{"start":{"line":192,"column":4},"end":{"line":192,"column":27}},"66":{"start":{"line":193,"column":4},"end":{"line":193,"column":29}},"67":{"start":{"line":194,"column":4},"end":{"line":194,"column":27}},"68":{"start":{"line":197,"column":4},"end":{"line":197,"column":35}},"69":{"start":{"line":200,"column":2},"end":{"line":301,"column":4}},"70":{"start":{"line":210,"column":52},"end":{"line":210,"column":63}},"71":{"start":{"line":213,"column":20},"end":{"line":215,"column":22}},"72":{"start":{"line":220,"column":20},"end":{"line":222,"column":22}},"73":{"start":{"line":227,"column":20},"end":{"line":231,"column":22}},"74":{"start":{"line":229,"column":38},"end":{"line":229,"column":62}},"75":{"start":{"line":236,"column":20},"end":{"line":244,"column":28}},"76":{"start":{"line":242,"column":40},"end":{"line":242,"column":64}},"77":{"start":{"line":249,"column":20},"end":{"line":262,"column":28}},"78":{"start":{"line":256,"column":40},"end":{"line":256,"column":64}},"79":{"start":{"line":267,"column":20},"end":{"line":274,"column":28}},"80":{"start":{"line":272,"column":40},"end":{"line":272,"column":64}},"81":{"start":{"line":279,"column":20},"end":{"line":291,"column":29}}},"fnMap":{"0":{"name":"App","decl":{"start":{"line":35,"column":24},"end":{"line":35,"column":27}},"loc":{"start":{"line":35,"column":30},"end":{"line":302,"column":1}},"line":35},"1":{"name":"(anonymous_1)","decl":{"start":{"line":49,"column":37},"end":{"line":49,"column":38}},"loc":{"start":{"line":52,"column":7},"end":{"line":64,"column":3}},"line":52},"2":{"name":"(anonymous_2)","decl":{"start":{"line":66,"column":39},"end":{"line":66,"column":40}},"loc":{"start":{"line":66,"column":65},"end":{"line":85,"column":3}},"line":66},"3":{"name":"(anonymous_3)","decl":{"start":{"line":87,"column":41},"end":{"line":87,"column":42}},"loc":{"start":{"line":87,"column":62},"end":{"line":89,"column":3}},"line":87},"4":{"name":"(anonymous_4)","decl":{"start":{"line":91,"column":28},"end":{"line":91,"column":29}},"loc":{"start":{"line":96,"column":7},"end":{"line":103,"column":3}},"line":96},"5":{"name":"(anonymous_5)","decl":{"start":{"line":105,"column":31},"end":{"line":105,"column":32}},"loc":{"start":{"line":105,"column":51},"end":{"line":108,"column":3}},"line":105},"6":{"name":"(anonymous_6)","decl":{"start":{"line":110,"column":35},"end":{"line":110,"column":36}},"loc":{"start":{"line":113,"column":69},"end":{"line":171,"column":3}},"line":113},"7":{"name":"(anonymous_7)","decl":{"start":{"line":173,"column":26},"end":{"line":173,"column":27}},"loc":{"start":{"line":173,"column":38},"end":{"line":185,"column":3}},"line":173},"8":{"name":"(anonymous_8)","decl":{"start":{"line":187,"column":23},"end":{"line":187,"column":24}},"loc":{"start":{"line":187,"column":55},"end":{"line":198,"column":3}},"line":187},"9":{"name":"(anonymous_9)","decl":{"start":{"line":210,"column":46},"end":{"line":210,"column":47}},"loc":{"start":{"line":210,"column":52},"end":{"line":210,"column":63}},"line":210},"10":{"name":"(anonymous_10)","decl":{"start":{"line":212,"column":19},"end":{"line":212,"column":20}},"loc":{"start":{"line":213,"column":20},"end":{"line":215,"column":22}},"line":213},"11":{"name":"(anonymous_11)","decl":{"start":{"line":219,"column":19},"end":{"line":219,"column":20}},"loc":{"start":{"line":220,"column":20},"end":{"line":222,"column":22}},"line":220},"12":{"name":"(anonymous_12)","decl":{"start":{"line":226,"column":19},"end":{"line":226,"column":20}},"loc":{"start":{"line":227,"column":20},"end":{"line":231,"column":22}},"line":227},"13":{"name":"(anonymous_13)","decl":{"start":{"line":229,"column":32},"end":{"line":229,"column":33}},"loc":{"start":{"line":229,"column":38},"end":{"line":229,"column":62}},"line":229},"14":{"name":"(anonymous_14)","decl":{"start":{"line":235,"column":19},"end":{"line":235,"column":20}},"loc":{"start":{"line":236,"column":20},"end":{"line":244,"column":28}},"line":236},"15":{"name":"(anonymous_15)","decl":{"start":{"line":242,"column":34},"end":{"line":242,"column":35}},"loc":{"start":{"line":242,"column":40},"end":{"line":242,"column":64}},"line":242},"16":{"name":"(anonymous_16)","decl":{"start":{"line":248,"column":19},"end":{"line":248,"column":20}},"loc":{"start":{"line":249,"column":20},"end":{"line":262,"column":28}},"line":249},"17":{"name":"(anonymous_17)","decl":{"start":{"line":256,"column":34},"end":{"line":256,"column":35}},"loc":{"start":{"line":256,"column":40},"end":{"line":256,"column":64}},"line":256},"18":{"name":"(anonymous_18)","decl":{"start":{"line":266,"column":19},"end":{"line":266,"column":20}},"loc":{"start":{"line":267,"column":20},"end":{"line":274,"column":28}},"line":267},"19":{"name":"(anonymous_19)","decl":{"start":{"line":272,"column":34},"end":{"line":272,"column":35}},"loc":{"start":{"line":272,"column":40},"end":{"line":272,"column":64}},"line":272},"20":{"name":"(anonymous_20)","decl":{"start":{"line":278,"column":19},"end":{"line":278,"column":20}},"loc":{"start":{"line":278,"column":25},"end":{"line":292,"column":19}},"line":278}},"branchMap":{"0":{"loc":{"start":{"line":114,"column":4},"end":{"line":117,"column":5}},"type":"if","locations":[{"start":{"line":114,"column":4},"end":{"line":117,"column":5}},{"start":{},"end":{}}],"line":114},"1":{"loc":{"start":{"line":114,"column":8},"end":{"line":114,"column":54}},"type":"binary-expr","locations":[{"start":{"line":114,"column":8},"end":{"line":114,"column":15}},{"start":{"line":114,"column":19},"end":{"line":114,"column":33}},{"start":{"line":114,"column":37},"end":{"line":114,"column":54}}],"line":114},"2":{"loc":{"start":{"line":126,"column":6},"end":{"line":155,"column":7}},"type":"if","locations":[{"start":{"line":126,"column":6},"end":{"line":155,"column":7}},{"start":{"line":134,"column":13},"end":{"line":155,"column":7}}],"line":126},"3":{"loc":{"start":{"line":138,"column":8},"end":{"line":140,"column":9}},"type":"if","locations":[{"start":{"line":138,"column":8},"end":{"line":140,"column":9}},{"start":{},"end":{}}],"line":138},"4":{"loc":{"start":{"line":157,"column":6},"end":{"line":163,"column":7}},"type":"if","locations":[{"start":{"line":157,"column":6},"end":{"line":163,"column":7}},{"start":{"line":161,"column":13},"end":{"line":163,"column":7}}],"line":157},"5":{"loc":{"start":{"line":157,"column":10},"end":{"line":157,"column":39}},"type":"binary-expr","locations":[{"start":{"line":157,"column":10},"end":{"line":157,"column":24}},{"start":{"line":157,"column":28},"end":{"line":157,"column":39}}],"line":157},"6":{"loc":{"start":{"line":162,"column":24},"end":{"line":162,"column":60}},"type":"binary-expr","locations":[{"start":{"line":162,"column":24},"end":{"line":162,"column":36}},{"start":{"line":162,"column":40},"end":{"line":162,"column":60}}],"line":162},"7":{"loc":{"start":{"line":168,"column":15},"end":{"line":168,"column":71}},"type":"cond-expr","locations":[{"start":{"line":168,"column":40},"end":{"line":168,"column":53}},{"start":{"line":168,"column":56},"end":{"line":168,"column":71}}],"line":168},"8":{"loc":{"start":{"line":174,"column":27},"end":{"line":174,"column":60}},"type":"binary-expr","locations":[{"start":{"line":174,"column":27},"end":{"line":174,"column":42}},{"start":{"line":174,"column":46},"end":{"line":174,"column":60}}],"line":174},"9":{"loc":{"start":{"line":175,"column":4},"end":{"line":175,"column":32}},"type":"if","locations":[{"start":{"line":175,"column":4},"end":{"line":175,"column":32}},{"start":{},"end":{}}],"line":175},"10":{"loc":{"start":{"line":236,"column":20},"end":{"line":244,"column":28}},"type":"cond-expr","locations":[{"start":{"line":237,"column":22},"end":{"line":243,"column":24}},{"start":{"line":244,"column":24},"end":{"line":244,"column":28}}],"line":236},"11":{"loc":{"start":{"line":249,"column":20},"end":{"line":262,"column":28}},"type":"cond-expr","locations":[{"start":{"line":250,"column":22},"end":{"line":261,"column":24}},{"start":{"line":262,"column":24},"end":{"line":262,"column":28}}],"line":249},"12":{"loc":{"start":{"line":258,"column":33},"end":{"line":258,"column":66}},"type":"binary-expr","locations":[{"start":{"line":258,"column":33},"end":{"line":258,"column":48}},{"start":{"line":258,"column":52},"end":{"line":258,"column":66}}],"line":258},"13":{"loc":{"start":{"line":267,"column":20},"end":{"line":274,"column":28}},"type":"cond-expr","locations":[{"start":{"line":268,"column":22},"end":{"line":273,"column":24}},{"start":{"line":274,"column":24},"end":{"line":274,"column":28}}],"line":267},"14":{"loc":{"start":{"line":269,"column":33},"end":{"line":269,"column":66}},"type":"binary-expr","locations":[{"start":{"line":269,"column":33},"end":{"line":269,"column":48}},{"start":{"line":269,"column":52},"end":{"line":269,"column":66}}],"line":269},"15":{"loc":{"start":{"line":279,"column":27},"end":{"line":291,"column":28}},"type":"cond-expr","locations":[{"start":{"line":283,"column":22},"end":{"line":290,"column":24}},{"start":{"line":291,"column":24},"end":{"line":291,"column":28}}],"line":279},"16":{"loc":{"start":{"line":279,"column":27},"end":{"line":282,"column":39}},"type":"binary-expr","locations":[{"start":{"line":279,"column":27},"end":{"line":279,"column":42}},{"start":{"line":280,"column":22},"end":{"line":280,"column":35}},{"start":{"line":281,"column":22},"end":{"line":281,"column":38}},{"start":{"line":282,"column":22},"end":{"line":282,"column":39}}],"line":279}},"s":{"0":0,"1":0,"2":0,"3":0,"4":0,"5":0,"6":0,"7":0,"8":0,"9":0,"10":0,"11":0,"12":0,"13":0,"14":0,"15":0,"16":0,"17":0,"18":0,"19":0,"20":0,"21":0,"22":0,"23":0,"24":0,"25":0,"26":0,"27":0,"28":0,"29":0,"30":0,"31":0,"32":0,"33":0,"34":0,"35":0,"36":0,"37":0,"38":0,"39":0,"40":0,"41":0,"42":0,"43":0,"44":0,"45":0,"46":0,"47":0,"48":0,"49":0,"50":0,"51":0,"52":0,"53":0,"54":0,"55":0,"56":0,"57":0,"58":0,"59":0,"60":0,"61":0,"62":0,"63":0,"64":0,"65":0,"66":0,"67":0,"68":0,"69":0,"70":0,"71":0,"72":0,"73":0,"74":0,"75":0,"76":0,"77":0,"78":0,"79":0,"80":0,"81":0},"f":{"0":0,"1":0,"2":0,"3":0,"4":0,"5":0,"6":0,"7":0,"8":0,"9":0,"10":0,"11":0,"12":0,"13":0,"14":0,"15":0,"16":0,"17":0,"18":0,"19":0,"20":0},"b":{"0":[0,0],"1":[0,0,0],"2":[0,0],"3":[0,0],"4":[0,0],"5":[0,0],"6":[0,0],"7":[0,0],"8":[0,0],"9":[0,0],"10":[0,0],"11":[0,0],"12":[0,0],"13":[0,0],"14":[0,0],"15":[0,0],"16":[0,0,0,0]}}
,"/Users/adamturman/Desktop/Personal Practice/uniswap/MySnackProject/index.ts": {"path":"/Users/adamturman/Desktop/Personal Practice/uniswap/MySnackProject/index.ts","statementMap":{"0":{"start":{"line":8,"column":0},"end":{"line":8,"column":27}}},"fnMap":{},"branchMap":{},"s":{"0":0},"f":{},"b":{}}
,"/Users/adamturman/Desktop/Personal Practice/uniswap/MySnackProject/types.ts": {"path":"/Users/adamturman/Desktop/Personal Practice/uniswap/MySnackProject/types.ts","statementMap":{},"fnMap":{},"branchMap":{},"s":{},"f":{},"b":{}}
,"/Users/adamturman/Desktop/Personal Practice/uniswap/MySnackProject/components/AddressInput.tsx": {"path":"/Users/adamturman/Desktop/Personal Practice/uniswap/MySnackProject/components/AddressInput.tsx","statementMap":{"0":{"start":{"line":18,"column":18},"end":{"line":20,"column":13}},"1":{"start":{"line":19,"column":4},"end":{"line":19,"column":38}},"2":{"start":{"line":23,"column":2},"end":{"line":25,"column":36}},"3":{"start":{"line":24,"column":4},"end":{"line":24,"column":34}},"4":{"start":{"line":27,"column":2},"end":{"line":37,"column":4}},"5":{"start":{"line":40,"column":15},"end":{"line":44,"column":2}}},"fnMap":{"0":{"name":"AddressInput","decl":{"start":{"line":12,"column":24},"end":{"line":12,"column":36}},"loc":{"start":{"line":16,"column":22},"end":{"line":38,"column":1}},"line":16},"1":{"name":"(anonymous_1)","decl":{"start":{"line":18,"column":26},"end":{"line":18,"column":27}},"loc":{"start":{"line":18,"column":32},"end":{"line":20,"column":3}},"line":18},"2":{"name":"(anonymous_2)","decl":{"start":{"line":23,"column":18},"end":{"line":23,"column":19}},"loc":{"start":{"line":23,"column":24},"end":{"line":25,"column":3}},"line":23}},"branchMap":{},"s":{"0":0,"1":0,"2":0,"3":0,"4":0,"5":0},"f":{"0":0,"1":0,"2":0},"b":{}}
,"/Users/adamturman/Desktop/Personal Practice/uniswap/MySnackProject/components/AppHeader.tsx": {"path":"/Users/adamturman/Desktop/Personal Practice/uniswap/MySnackProject/components/AppHeader.tsx","statementMap":{"0":{"start":{"line":23,"column":21},"end":{"line":23,"column":31}},"1":{"start":{"line":24,"column":21},"end":{"line":24,"column":52}},"2":{"start":{"line":26,"column":2},"end":{"line":42,"column":4}},"3":{"start":{"line":31,"column":27},"end":{"line":31,"column":46}},"4":{"start":{"line":45,"column":15},"end":{"line":63,"column":2}}},"fnMap":{"0":{"name":"AppHeader","decl":{"start":{"line":17,"column":24},"end":{"line":17,"column":33}},"loc":{"start":{"line":22,"column":19},"end":{"line":43,"column":1}},"line":22},"1":{"name":"(anonymous_1)","decl":{"start":{"line":31,"column":21},"end":{"line":31,"column":22}},"loc":{"start":{"line":31,"column":27},"end":{"line":31,"column":46}},"line":31}},"branchMap":{"0":{"loc":{"start":{"line":18,"column":2},"end":{"line":18,"column":26}},"type":"default-arg","locations":[{"start":{"line":18,"column":21},"end":{"line":18,"column":26}}],"line":18},"1":{"loc":{"start":{"line":19,"column":2},"end":{"line":19,"column":23}},"type":"default-arg","locations":[{"start":{"line":19,"column":19},"end":{"line":19,"column":23}}],"line":19},"2":{"loc":{"start":{"line":20,"column":2},"end":{"line":20,"column":27}},"type":"default-arg","locations":[{"start":{"line":20,"column":22},"end":{"line":20,"column":27}}],"line":20},"3":{"loc":{"start":{"line":29,"column":9},"end":{"line":34,"column":9}},"type":"binary-expr","locations":[{"start":{"line":29,"column":9},"end":{"line":29,"column":23}},{"start":{"line":30,"column":10},"end":{"line":33,"column":12}}],"line":29},"4":{"loc":{"start":{"line":38,"column":9},"end":{"line":38,"column":76}},"type":"binary-expr","locations":[{"start":{"line":38,"column":9},"end":{"line":38,"column":25}},{"start":{"line":38,"column":29},"end":{"line":38,"column":37}},{"start":{"line":38,"column":41},"end":{"line":38,"column":76}}],"line":38}},"s":{"0":0,"1":0,"2":0,"3":0,"4":0},"f":{"0":0,"1":0},"b":{"0":[0],"1":[0],"2":[0],"3":[0,0],"4":[0,0,0]}}
,"/Users/adamturman/Desktop/Personal Practice/uniswap/MySnackProject/components/BackButton.tsx": {"path":"/Users/adamturman/Desktop/Personal Practice/uniswap/MySnackProject/components/BackButton.tsx","statementMap":{"0":{"start":{"line":16,"column":21},"end":{"line":16,"column":31}},"1":{"start":{"line":18,"column":2},"end":{"line":34,"column":4}},"2":{"start":{"line":37,"column":15},"end":{"line":51,"column":2}}},"fnMap":{"0":{"name":"BackButton","decl":{"start":{"line":11,"column":24},"end":{"line":11,"column":34}},"loc":{"start":{"line":15,"column":20},"end":{"line":35,"column":1}},"line":15}},"branchMap":{"0":{"loc":{"start":{"line":14,"column":2},"end":{"line":14,"column":18}},"type":"default-arg","locations":[{"start":{"line":14,"column":13},"end":{"line":14,"column":18}}],"line":14},"1":{"loc":{"start":{"line":20,"column":40},"end":{"line":20,"column":67}},"type":"binary-expr","locations":[{"start":{"line":20,"column":40},"end":{"line":20,"column":48}},{"start":{"line":20,"column":52},"end":{"line":20,"column":67}}],"line":20},"2":{"loc":{"start":{"line":21,"column":15},"end":{"line":21,"column":45}},"type":"cond-expr","locations":[{"start":{"line":21,"column":26},"end":{"line":21,"column":35}},{"start":{"line":21,"column":38},"end":{"line":21,"column":45}}],"line":21},"3":{"loc":{"start":{"line":22,"column":21},"end":{"line":22,"column":39}},"type":"cond-expr","locations":[{"start":{"line":22,"column":32},"end":{"line":22,"column":33}},{"start":{"line":22,"column":36},"end":{"line":22,"column":39}}],"line":22},"4":{"loc":{"start":{"line":28,"column":19},"end":{"line":28,"column":64}},"type":"cond-expr","locations":[{"start":{"line":28,"column":30},"end":{"line":28,"column":50}},{"start":{"line":28,"column":53},"end":{"line":28,"column":64}}],"line":28}},"s":{"0":0,"1":0,"2":0},"f":{"0":0},"b":{"0":[0],"1":[0,0],"2":[0,0],"3":[0,0],"4":[0,0]}}
,"/Users/adamturman/Desktop/Personal Practice/uniswap/MySnackProject/components/Button.tsx": {"path":"/Users/adamturman/Desktop/Personal Practice/uniswap/MySnackProject/components/Button.tsx","statementMap":{"0":{"start":{"line":28,"column":21},"end":{"line":28,"column":31}},"1":{"start":{"line":30,"column":25},"end":{"line":65,"column":3}},"2":{"start":{"line":31,"column":33},"end":{"line":43,"column":5}},"3":{"start":{"line":45,"column":4},"end":{"line":64,"column":5}},"4":{"start":{"line":47,"column":8},"end":{"line":50,"column":10}},"5":{"start":{"line":52,"column":8},"end":{"line":56,"column":10}},"6":{"start":{"line":58,"column":8},"end":{"line":61,"column":10}},"7":{"start":{"line":63,"column":8},"end":{"line":63,"column":25}},"8":{"start":{"line":67,"column":23},"end":{"line":93,"column":3}},"9":{"start":{"line":68,"column":37},"end":{"line":72,"column":5}},"10":{"start":{"line":74,"column":4},"end":{"line":92,"column":5}},"11":{"start":{"line":76,"column":8},"end":{"line":79,"column":10}},"12":{"start":{"line":81,"column":8},"end":{"line":84,"column":10}},"13":{"start":{"line":86,"column":8},"end":{"line":89,"column":10}},"14":{"start":{"line":91,"column":8},"end":{"line":91,"column":29}},"15":{"start":{"line":95,"column":21},"end":{"line":95,"column":55}},"16":{"start":{"line":97,"column":2},"end":{"line":106,"column":4}}},"fnMap":{"0":{"name":"Button","decl":{"start":{"line":18,"column":24},"end":{"line":18,"column":30}},"loc":{"start":{"line":27,"column":16},"end":{"line":107,"column":1}},"line":27},"1":{"name":"(anonymous_1)","decl":{"start":{"line":30,"column":25},"end":{"line":30,"column":26}},"loc":{"start":{"line":30,"column":42},"end":{"line":65,"column":3}},"line":30},"2":{"name":"(anonymous_2)","decl":{"start":{"line":67,"column":23},"end":{"line":67,"column":24}},"loc":{"start":{"line":67,"column":40},"end":{"line":93,"column":3}},"line":67}},"branchMap":{"0":{"loc":{"start":{"line":21,"column":2},"end":{"line":21,"column":21}},"type":"default-arg","locations":[{"start":{"line":21,"column":12},"end":{"line":21,"column":21}}],"line":21},"1":{"loc":{"start":{"line":22,"column":2},"end":{"line":22,"column":18}},"type":"default-arg","locations":[{"start":{"line":22,"column":13},"end":{"line":22,"column":18}}],"line":22},"2":{"loc":{"start":{"line":25,"column":2},"end":{"line":25,"column":22}},"type":"default-arg","locations":[{"start":{"line":25,"column":18},"end":{"line":25,"column":22}}],"line":25},"3":{"loc":{"start":{"line":26,"column":2},"end":{"line":26,"column":19}},"type":"default-arg","locations":[{"start":{"line":26,"column":14},"end":{"line":26,"column":19}}],"line":26},"4":{"loc":{"start":{"line":32,"column":13},"end":{"line":32,"column":40}},"type":"cond-expr","locations":[{"start":{"line":32,"column":25},"end":{"line":32,"column":31}},{"start":{"line":32,"column":34},"end":{"line":32,"column":40}}],"line":32},"5":{"loc":{"start":{"line":33,"column":16},"end":{"line":33,"column":40}},"type":"cond-expr","locations":[{"start":{"line":33,"column":28},"end":{"line":33,"column":34}},{"start":{"line":33,"column":37},"end":{"line":33,"column":40}}],"line":33},"6":{"loc":{"start":{"line":45,"column":4},"end":{"line":64,"column":5}},"type":"switch","locations":[{"start":{"line":46,"column":6},"end":{"line":50,"column":10}},{"start":{"line":51,"column":6},"end":{"line":56,"column":10}},{"start":{"line":57,"column":6},"end":{"line":61,"column":10}},{"start":{"line":62,"column":6},"end":{"line":63,"column":25}}],"line":45},"7":{"loc":{"start":{"line":49,"column":27},"end":{"line":49,"column":77}},"type":"cond-expr","locations":[{"start":{"line":49,"column":38},"end":{"line":49,"column":60}},{"start":{"line":49,"column":63},"end":{"line":49,"column":77}}],"line":49},"8":{"loc":{"start":{"line":74,"column":4},"end":{"line":92,"column":5}},"type":"switch","locations":[{"start":{"line":75,"column":6},"end":{"line":79,"column":10}},{"start":{"line":80,"column":6},"end":{"line":84,"column":10}},{"start":{"line":85,"column":6},"end":{"line":89,"column":10}},{"start":{"line":90,"column":6},"end":{"line":91,"column":29}}],"line":74},"9":{"loc":{"start":{"line":95,"column":21},"end":{"line":95,"column":55}},"type":"binary-expr","locations":[{"start":{"line":95,"column":21},"end":{"line":95,"column":29}},{"start":{"line":95,"column":33},"end":{"line":95,"column":55}}],"line":95}},"s":{"0":0,"1":0,"2":0,"3":0,"4":0,"5":0,"6":0,"7":0,"8":0,"9":0,"10":0,"11":0,"12":0,"13":0,"14":0,"15":0,"16":0},"f":{"0":0,"1":0,"2":0},"b":{"0":[0],"1":[0],"2":[0],"3":[0],"4":[0,0],"5":[0,0],"6":[0,0,0,0],"7":[0,0],"8":[0,0,0,0],"9":[0,0]}}
,"/Users/adamturman/Desktop/Personal Practice/uniswap/MySnackProject/components/ChainSelectorGroup.tsx": {"path":"/Users/adamturman/Desktop/Personal Practice/uniswap/MySnackProject/components/ChainSelectorGroup.tsx","statementMap":{"0":{"start":{"line":23,"column":21},"end":{"line":23,"column":31}},"1":{"start":{"line":25,"column":26},"end":{"line":27,"column":3}},"2":{"start":{"line":26,"column":4},"end":{"line":26,"column":33}},"3":{"start":{"line":29,"column":2},"end":{"line":96,"column":4}},"4":{"start":{"line":40,"column":25},"end":{"line":40,"column":47}},"5":{"start":{"line":42,"column":12},"end":{"line":65,"column":19}},"6":{"start":{"line":72,"column":25},"end":{"line":72,"column":50}},"7":{"start":{"line":74,"column":12},"end":{"line":76,"column":19}},"8":{"start":{"line":81,"column":10},"end":{"line":92,"column":12}},"9":{"start":{"line":85,"column":27},"end":{"line":85,"column":47}},"10":{"start":{"line":87,"column":14},"end":{"line":90,"column":16}},"11":{"start":{"line":110,"column":21},"end":{"line":110,"column":31}},"12":{"start":{"line":112,"column":2},"end":{"line":140,"column":4}},"13":{"start":{"line":143,"column":15},"end":{"line":210,"column":2}}},"fnMap":{"0":{"name":"ChainSelectorGroup","decl":{"start":{"line":19,"column":24},"end":{"line":19,"column":42}},"loc":{"start":{"line":22,"column":28},"end":{"line":97,"column":1}},"line":22},"1":{"name":"(anonymous_1)","decl":{"start":{"line":25,"column":26},"end":{"line":25,"column":27}},"loc":{"start":{"line":25,"column":70},"end":{"line":27,"column":3}},"line":25},"2":{"name":"(anonymous_2)","decl":{"start":{"line":40,"column":19},"end":{"line":40,"column":20}},"loc":{"start":{"line":40,"column":25},"end":{"line":40,"column":47}},"line":40},"3":{"name":"(anonymous_3)","decl":{"start":{"line":41,"column":22},"end":{"line":41,"column":23}},"loc":{"start":{"line":42,"column":12},"end":{"line":65,"column":19}},"line":42},"4":{"name":"(anonymous_4)","decl":{"start":{"line":72,"column":19},"end":{"line":72,"column":20}},"loc":{"start":{"line":72,"column":25},"end":{"line":72,"column":50}},"line":72},"5":{"name":"(anonymous_5)","decl":{"start":{"line":73,"column":22},"end":{"line":73,"column":23}},"loc":{"start":{"line":74,"column":12},"end":{"line":76,"column":19}},"line":74},"6":{"name":"(anonymous_6)","decl":{"start":{"line":80,"column":24},"end":{"line":80,"column":25}},"loc":{"start":{"line":81,"column":10},"end":{"line":92,"column":12}},"line":81},"7":{"name":"(anonymous_7)","decl":{"start":{"line":85,"column":21},"end":{"line":85,"column":22}},"loc":{"start":{"line":85,"column":27},"end":{"line":85,"column":47}},"line":85},"8":{"name":"(anonymous_8)","decl":{"start":{"line":86,"column":24},"end":{"line":86,"column":25}},"loc":{"start":{"line":87,"column":14},"end":{"line":90,"column":16}},"line":87},"9":{"name":"ChainPill","decl":{"start":{"line":99,"column":9},"end":{"line":99,"column":18}},"loc":{"start":{"line":109,"column":3},"end":{"line":141,"column":1}},"line":109}},"branchMap":{"0":{"loc":{"start":{"line":119,"column":27},"end":{"line":121,"column":35}},"type":"cond-expr","locations":[{"start":{"line":120,"column":14},"end":{"line":120,"column":43}},{"start":{"line":121,"column":14},"end":{"line":121,"column":35}}],"line":119},"1":{"loc":{"start":{"line":122,"column":23},"end":{"line":124,"column":27}},"type":"cond-expr","locations":[{"start":{"line":123,"column":14},"end":{"line":123,"column":43}},{"start":{"line":124,"column":14},"end":{"line":124,"column":27}}],"line":122},"2":{"loc":{"start":{"line":129,"column":9},"end":{"line":129,"column":35}},"type":"binary-expr","locations":[{"start":{"line":129,"column":9},"end":{"line":129,"column":19}},{"start":{"line":129,"column":23},"end":{"line":129,"column":35}}],"line":129},"3":{"loc":{"start":{"line":133,"column":21},"end":{"line":133,"column":71}},"type":"cond-expr","locations":[{"start":{"line":133,"column":34},"end":{"line":133,"column":57}},{"start":{"line":133,"column":60},"end":{"line":133,"column":71}}],"line":133}},"s":{"0":0,"1":0,"2":0,"3":0,"4":0,"5":0,"6":0,"7":0,"8":0,"9":0,"10":0,"11":0,"12":0,"13":0},"f":{"0":0,"1":0,"2":0,"3":0,"4":0,"5":0,"6":0,"7":0,"8":0,"9":0},"b":{"0":[0,0],"1":[0,0],"2":[0,0],"3":[0,0]}}
,"/Users/adamturman/Desktop/Personal Practice/uniswap/MySnackProject/components/ChainTokenIcon.tsx": {"path":"/Users/adamturman/Desktop/Personal Practice/uniswap/MySnackProject/components/ChainTokenIcon.tsx","statementMap":{"0":{"start":{"line":12,"column":15},"end":{"line":28,"column":2}},"1":{"start":{"line":35,"column":21},"end":{"line":35,"column":31}},"2":{"start":{"line":37,"column":36},"end":{"line":42,"column":3}},"3":{"start":{"line":44,"column":27},"end":{"line":63,"column":10}},"4":{"start":{"line":65,"column":25},"end":{"line":86,"column":3}},"5":{"start":{"line":67,"column":4},"end":{"line":70,"column":5}},"6":{"start":{"line":68,"column":24},"end":{"line":68,"column":32}},"7":{"start":{"line":69,"column":6},"end":{"line":69,"column":79}},"8":{"start":{"line":73,"column":4},"end":{"line":85,"column":6}},"9":{"start":{"line":88,"column":2},"end":{"line":96,"column":4}}},"fnMap":{"0":{"name":"ChainTokenIcon","decl":{"start":{"line":30,"column":24},"end":{"line":30,"column":38}},"loc":{"start":{"line":34,"column":24},"end":{"line":97,"column":1}},"line":34},"1":{"name":"(anonymous_1)","decl":{"start":{"line":65,"column":25},"end":{"line":65,"column":26}},"loc":{"start":{"line":65,"column":31},"end":{"line":86,"column":3}},"line":65}},"branchMap":{"0":{"loc":{"start":{"line":44,"column":27},"end":{"line":63,"column":10}},"type":"cond-expr","locations":[{"start":{"line":45,"column":4},"end":{"line":62,"column":11}},{"start":{"line":63,"column":6},"end":{"line":63,"column":10}}],"line":44},"1":{"loc":{"start":{"line":67,"column":4},"end":{"line":70,"column":5}},"type":"if","locations":[{"start":{"line":67,"column":4},"end":{"line":70,"column":5}},{"start":{},"end":{}}],"line":67}},"s":{"0":0,"1":0,"2":0,"3":0,"4":0,"5":0,"6":0,"7":0,"8":0,"9":0},"f":{"0":0,"1":0},"b":{"0":[0,0],"1":[0,0]}}
,"/Users/adamturman/Desktop/Personal Practice/uniswap/MySnackProject/components/EnterAmountToSend.tsx": {"path":"/Users/adamturman/Desktop/Personal Practice/uniswap/MySnackProject/components/EnterAmountToSend.tsx","statementMap":{"0":{"start":{"line":65,"column":32},"end":{"line":65,"column":42}},"1":{"start":{"line":66,"column":21},"end":{"line":66,"column":52}},"2":{"start":{"line":72,"column":6},"end":{"line":72,"column":22}},"3":{"start":{"line":73,"column":52},"end":{"line":73,"column":62}},"4":{"start":{"line":74,"column":30},"end":{"line":74,"column":42}},"5":{"start":{"line":75,"column":36},"end":{"line":75,"column":51}},"6":{"start":{"line":76,"column":40},"end":{"line":76,"column":55}},"7":{"start":{"line":77,"column":56},"end":{"line":77,"column":71}},"8":{"start":{"line":79,"column":24},"end":{"line":84,"column":37}},"9":{"start":{"line":80,"column":22},"end":{"line":80,"column":40}},"10":{"start":{"line":81,"column":4},"end":{"line":81,"column":57}},"11":{"start":{"line":81,"column":44},"end":{"line":81,"column":57}},"12":{"start":{"line":83,"column":4},"end":{"line":83,"column":46}},"13":{"start":{"line":86,"column":20},"end":{"line":92,"column":37}},"14":{"start":{"line":87,"column":22},"end":{"line":87,"column":40}},"15":{"start":{"line":88,"column":4},"end":{"line":89,"column":19}},"16":{"start":{"line":89,"column":6},"end":{"line":89,"column":19}},"17":{"start":{"line":91,"column":4},"end":{"line":91,"column":45}},"18":{"start":{"line":95,"column":19},"end":{"line":100,"column":63}},"19":{"start":{"line":96,"column":22},"end":{"line":96,"column":40}},"20":{"start":{"line":97,"column":4},"end":{"line":97,"column":74}},"21":{"start":{"line":97,"column":62},"end":{"line":97,"column":74}},"22":{"start":{"line":99,"column":4},"end":{"line":99,"column":70}},"23":{"start":{"line":102,"column":35},"end":{"line":158,"column":3}},"24":{"start":{"line":103,"column":4},"end":{"line":103,"column":25}},"25":{"start":{"line":106,"column":4},"end":{"line":106,"column":27}},"26":{"start":{"line":109,"column":4},"end":{"line":109,"column":61}},"27":{"start":{"line":109,"column":35},"end":{"line":109,"column":59}},"28":{"start":{"line":112,"column":4},"end":{"line":114,"column":7}},"29":{"start":{"line":117,"column":4},"end":{"line":117,"column":61}},"30":{"start":{"line":117,"column":35},"end":{"line":117,"column":59}},"31":{"start":{"line":119,"column":4},"end":{"line":157,"column":5}},"32":{"start":{"line":120,"column":6},"end":{"line":122,"column":7}},"33":{"start":{"line":121,"column":8},"end":{"line":121,"column":72}},"34":{"start":{"line":124,"column":21},"end":{"line":124,"column":68}},"35":{"start":{"line":126,"column":6},"end":{"line":147,"column":7}},"36":{"start":{"line":128,"column":8},"end":{"line":130,"column":11}},"37":{"start":{"line":133,"column":8},"end":{"line":133,"column":29}},"38":{"start":{"line":136,"column":8},"end":{"line":138,"column":9}},"39":{"start":{"line":137,"column":10},"end":{"line":137,"column":36}},"40":{"start":{"line":141,"column":8},"end":{"line":141,"column":41}},"41":{"start":{"line":144,"column":8},"end":{"line":146,"column":11}},"42":{"start":{"line":151,"column":8},"end":{"line":151,"column":64}},"43":{"start":{"line":152,"column":6},"end":{"line":154,"column":9}},"44":{"start":{"line":156,"column":6},"end":{"line":156,"column":28}},"45":{"start":{"line":160,"column":25},"end":{"line":233,"column":3}},"46":{"start":{"line":161,"column":4},"end":{"line":161,"column":46}},"47":{"start":{"line":161,"column":39},"end":{"line":161,"column":46}},"48":{"start":{"line":164,"column":4},"end":{"line":232,"column":5}},"49":{"start":{"line":167,"column":6},"end":{"line":206,"column":7}},"50":{"start":{"line":168,"column":8},"end":{"line":205,"column":9}},"51":{"start":{"line":169,"column":24},"end":{"line":169,"column":59}},"52":{"start":{"line":170,"column":27},"end":{"line":170,"column":77}},"53":{"start":{"line":172,"column":10},"end":{"line":201,"column":11}},"54":{"start":{"line":173,"column":50},"end":{"line":175,"column":13}},"55":{"start":{"line":176,"column":12},"end":{"line":181,"column":14}},"56":{"start":{"line":183,"column":52},"end":{"line":185,"column":13}},"57":{"start":{"line":187,"column":14},"end":{"line":189,"column":15}},"58":{"start":{"line":191,"column":12},"end":{"line":200,"column":13}},"59":{"start":{"line":192,"column":14},"end":{"line":199,"column":16}},"60":{"start":{"line":203,"column":10},"end":{"line":203,"column":60}},"61":{"start":{"line":209,"column":30},"end":{"line":219,"column":7}},"62":{"start":{"line":222,"column":6},"end":{"line":222,"column":73}},"63":{"start":{"line":222,"column":34},"end":{"line":222,"column":71}},"64":{"start":{"line":225,"column":6},"end":{"line":228,"column":9}},"65":{"start":{"line":231,"column":6},"end":{"line":231,"column":27}},"66":{"start":{"line":235,"column":26},"end":{"line":238,"column":3}},"67":{"start":{"line":237,"column":4},"end":{"line":237,"column":48}},"68":{"start":{"line":240,"column":29},"end":{"line":251,"column":3}},"69":{"start":{"line":242,"column":24},"end":{"line":242,"column":52}},"70":{"start":{"line":245,"column":18},"end":{"line":245,"column":40}},"71":{"start":{"line":246,"column":4},"end":{"line":248,"column":5}},"72":{"start":{"line":247,"column":6},"end":{"line":247,"column":13}},"73":{"start":{"line":250,"column":4},"end":{"line":250,"column":27}},"74":{"start":{"line":253,"column":28},"end":{"line":260,"column":3}},"75":{"start":{"line":259,"column":4},"end":{"line":259,"column":57}},"76":{"start":{"line":262,"column":2},"end":{"line":439,"column":4}},"77":{"start":{"line":306,"column":31},"end":{"line":306,"column":49}},"78":{"start":{"line":307,"column":30},"end":{"line":307,"column":49}},"79":{"start":{"line":329,"column":31},"end":{"line":329,"column":59}},"80":{"start":{"line":429,"column":25},"end":{"line":429,"column":54}},"81":{"start":{"line":442,"column":15},"end":{"line":545,"column":2}}},"fnMap":{"0":{"name":"EnterAmountToSend","decl":{"start":{"line":53,"column":24},"end":{"line":53,"column":41}},"loc":{"start":{"line":64,"column":27},"end":{"line":440,"column":1}},"line":64},"1":{"name":"(anonymous_1)","decl":{"start":{"line":79,"column":32},"end":{"line":79,"column":33}},"loc":{"start":{"line":79,"column":38},"end":{"line":84,"column":3}},"line":79},"2":{"name":"(anonymous_2)","decl":{"start":{"line":86,"column":28},"end":{"line":86,"column":29}},"loc":{"start":{"line":86,"column":34},"end":{"line":92,"column":3}},"line":86},"3":{"name":"(anonymous_3)","decl":{"start":{"line":95,"column":27},"end":{"line":95,"column":28}},"loc":{"start":{"line":95,"column":33},"end":{"line":100,"column":3}},"line":95},"4":{"name":"(anonymous_4)","decl":{"start":{"line":102,"column":35},"end":{"line":102,"column":36}},"loc":{"start":{"line":102,"column":72},"end":{"line":158,"column":3}},"line":102},"5":{"name":"(anonymous_5)","decl":{"start":{"line":109,"column":22},"end":{"line":109,"column":23}},"loc":{"start":{"line":109,"column":35},"end":{"line":109,"column":59}},"line":109},"6":{"name":"(anonymous_6)","decl":{"start":{"line":117,"column":22},"end":{"line":117,"column":23}},"loc":{"start":{"line":117,"column":35},"end":{"line":117,"column":59}},"line":117},"7":{"name":"(anonymous_7)","decl":{"start":{"line":160,"column":25},"end":{"line":160,"column":26}},"loc":{"start":{"line":160,"column":37},"end":{"line":233,"column":3}},"line":160},"8":{"name":"(anonymous_8)","decl":{"start":{"line":222,"column":28},"end":{"line":222,"column":29}},"loc":{"start":{"line":222,"column":34},"end":{"line":222,"column":71}},"line":222},"9":{"name":"(anonymous_9)","decl":{"start":{"line":235,"column":26},"end":{"line":235,"column":27}},"loc":{"start":{"line":235,"column":32},"end":{"line":238,"column":3}},"line":235},"10":{"name":"(anonymous_10)","decl":{"start":{"line":240,"column":29},"end":{"line":240,"column":30}},"loc":{"start":{"line":240,"column":47},"end":{"line":251,"column":3}},"line":240},"11":{"name":"(anonymous_11)","decl":{"start":{"line":253,"column":28},"end":{"line":253,"column":29}},"loc":{"start":{"line":258,"column":7},"end":{"line":260,"column":3}},"line":258},"12":{"name":"(anonymous_12)","decl":{"start":{"line":306,"column":25},"end":{"line":306,"column":26}},"loc":{"start":{"line":306,"column":31},"end":{"line":306,"column":49}},"line":306},"13":{"name":"(anonymous_13)","decl":{"start":{"line":307,"column":24},"end":{"line":307,"column":25}},"loc":{"start":{"line":307,"column":30},"end":{"line":307,"column":49}},"line":307},"14":{"name":"(anonymous_14)","decl":{"start":{"line":329,"column":25},"end":{"line":329,"column":26}},"loc":{"start":{"line":329,"column":31},"end":{"line":329,"column":59}},"line":329},"15":{"name":"(anonymous_15)","decl":{"start":{"line":429,"column":19},"end":{"line":429,"column":20}},"loc":{"start":{"line":429,"column":25},"end":{"line":429,"column":54}},"line":429}},"branchMap":{"0":{"loc":{"start":{"line":81,"column":4},"end":{"line":81,"column":57}},"type":"if","locations":[{"start":{"line":81,"column":4},"end":{"line":81,"column":57}},{"start":{},"end":{}}],"line":81},"1":{"loc":{"start":{"line":81,"column":8},"end":{"line":81,"column":42}},"type":"binary-expr","locations":[{"start":{"line":81,"column":8},"end":{"line":81,"column":22}},{"start":{"line":81,"column":26},"end":{"line":81,"column":42}}],"line":81},"2":{"loc":{"start":{"line":88,"column":4},"end":{"line":89,"column":19}},"type":"if","locations":[{"start":{"line":88,"column":4},"end":{"line":89,"column":19}},{"start":{},"end":{}}],"line":88},"3":{"loc":{"start":{"line":88,"column":8},"end":{"line":88,"column":72}},"type":"binary-expr","locations":[{"start":{"line":88,"column":8},"end":{"line":88,"column":34}},{"start":{"line":88,"column":38},"end":{"line":88,"column":52}},{"start":{"line":88,"column":56},"end":{"line":88,"column":72}}],"line":88},"4":{"loc":{"start":{"line":97,"column":4},"end":{"line":97,"column":74}},"type":"if","locations":[{"start":{"line":97,"column":4},"end":{"line":97,"column":74}},{"start":{},"end":{}}],"line":97},"5":{"loc":{"start":{"line":97,"column":8},"end":{"line":97,"column":60}},"type":"binary-expr","locations":[{"start":{"line":97,"column":8},"end":{"line":97,"column":22}},{"start":{"line":97,"column":26},"end":{"line":97,"column":40}},{"start":{"line":97,"column":44},"end":{"line":97,"column":60}}],"line":97},"6":{"loc":{"start":{"line":120,"column":6},"end":{"line":122,"column":7}},"type":"if","locations":[{"start":{"line":120,"column":6},"end":{"line":122,"column":7}},{"start":{},"end":{}}],"line":120},"7":{"loc":{"start":{"line":126,"column":6},"end":{"line":147,"column":7}},"type":"if","locations":[{"start":{"line":126,"column":6},"end":{"line":147,"column":7}},{"start":{"line":142,"column":13},"end":{"line":147,"column":7}}],"line":126},"8":{"loc":{"start":{"line":126,"column":10},"end":{"line":126,"column":39}},"type":"binary-expr","locations":[{"start":{"line":126,"column":10},"end":{"line":126,"column":24}},{"start":{"line":126,"column":28},"end":{"line":126,"column":39}}],"line":126},"9":{"loc":{"start":{"line":136,"column":8},"end":{"line":138,"column":9}},"type":"if","locations":[{"start":{"line":136,"column":8},"end":{"line":138,"column":9}},{"start":{},"end":{}}],"line":136},"10":{"loc":{"start":{"line":151,"column":8},"end":{"line":151,"column":64}},"type":"cond-expr","locations":[{"start":{"line":151,"column":33},"end":{"line":151,"column":46}},{"start":{"line":151,"column":49},"end":{"line":151,"column":64}}],"line":151},"11":{"loc":{"start":{"line":161,"column":4},"end":{"line":161,"column":46}},"type":"if","locations":[{"start":{"line":161,"column":4},"end":{"line":161,"column":46}},{"start":{},"end":{}}],"line":161},"12":{"loc":{"start":{"line":161,"column":8},"end":{"line":161,"column":37}},"type":"binary-expr","locations":[{"start":{"line":161,"column":8},"end":{"line":161,"column":22}},{"start":{"line":161,"column":26},"end":{"line":161,"column":37}}],"line":161},"13":{"loc":{"start":{"line":164,"column":4},"end":{"line":232,"column":5}},"type":"if","locations":[{"start":{"line":164,"column":4},"end":{"line":232,"column":5}},{"start":{"line":229,"column":11},"end":{"line":232,"column":5}}],"line":164},"14":{"loc":{"start":{"line":164,"column":8},"end":{"line":164,"column":38}},"type":"binary-expr","locations":[{"start":{"line":164,"column":8},"end":{"line":164,"column":14}},{"start":{"line":164,"column":18},"end":{"line":164,"column":38}}],"line":164},"15":{"loc":{"start":{"line":167,"column":6},"end":{"line":206,"column":7}},"type":"if","locations":[{"start":{"line":167,"column":6},"end":{"line":206,"column":7}},{"start":{},"end":{}}],"line":167},"16":{"loc":{"start":{"line":167,"column":10},"end":{"line":167,"column":36}},"type":"binary-expr","locations":[{"start":{"line":167,"column":10},"end":{"line":167,"column":16}},{"start":{"line":167,"column":20},"end":{"line":167,"column":36}}],"line":167},"17":{"loc":{"start":{"line":172,"column":10},"end":{"line":201,"column":11}},"type":"if","locations":[{"start":{"line":172,"column":10},"end":{"line":201,"column":11}},{"start":{"line":182,"column":17},"end":{"line":201,"column":11}}],"line":172},"18":{"loc":{"start":{"line":191,"column":12},"end":{"line":200,"column":13}},"type":"if","locations":[{"start":{"line":191,"column":12},"end":{"line":200,"column":13}},{"start":{},"end":{}}],"line":191},"19":{"loc":{"start":{"line":246,"column":4},"end":{"line":248,"column":5}},"type":"if","locations":[{"start":{"line":246,"column":4},"end":{"line":248,"column":5}},{"start":{},"end":{}}],"line":246},"20":{"loc":{"start":{"line":264,"column":27},"end":{"line":264,"column":45}},"type":"binary-expr","locations":[{"start":{"line":264,"column":27},"end":{"line":264,"column":33}},{"start":{"line":264,"column":37},"end":{"line":264,"column":45}}],"line":264},"21":{"loc":{"start":{"line":269,"column":18},"end":{"line":269,"column":63}},"type":"cond-expr","locations":[{"start":{"line":269,"column":42},"end":{"line":269,"column":51}},{"start":{"line":269,"column":54},"end":{"line":269,"column":63}}],"line":269},"22":{"loc":{"start":{"line":287,"column":31},"end":{"line":291,"column":37}},"type":"cond-expr","locations":[{"start":{"line":288,"column":22},"end":{"line":288,"column":34}},{"start":{"line":289,"column":22},"end":{"line":291,"column":37}}],"line":287},"23":{"loc":{"start":{"line":289,"column":22},"end":{"line":291,"column":37}},"type":"cond-expr","locations":[{"start":{"line":290,"column":24},"end":{"line":290,"column":38}},{"start":{"line":291,"column":24},"end":{"line":291,"column":37}}],"line":289},"24":{"loc":{"start":{"line":342,"column":19},"end":{"line":357,"column":19}},"type":"binary-expr","locations":[{"start":{"line":342,"column":19},"end":{"line":342,"column":32}},{"start":{"line":343,"column":20},"end":{"line":356,"column":27}}],"line":342},"25":{"loc":{"start":{"line":349,"column":23},"end":{"line":355,"column":49}},"type":"cond-expr","locations":[{"start":{"line":350,"column":26},"end":{"line":350,"column":38}},{"start":{"line":351,"column":26},"end":{"line":355,"column":49}}],"line":349},"26":{"loc":{"start":{"line":351,"column":26},"end":{"line":355,"column":49}},"type":"cond-expr","locations":[{"start":{"line":352,"column":28},"end":{"line":352,"column":47}},{"start":{"line":353,"column":28},"end":{"line":355,"column":49}}],"line":351},"27":{"loc":{"start":{"line":353,"column":28},"end":{"line":355,"column":49}},"type":"cond-expr","locations":[{"start":{"line":354,"column":30},"end":{"line":354,"column":38}},{"start":{"line":355,"column":30},"end":{"line":355,"column":49}}],"line":353},"28":{"loc":{"start":{"line":376,"column":26},"end":{"line":378,"column":49}},"type":"cond-expr","locations":[{"start":{"line":377,"column":30},"end":{"line":377,"column":47}},{"start":{"line":378,"column":30},"end":{"line":378,"column":49}}],"line":376},"29":{"loc":{"start":{"line":397,"column":11},"end":{"line":402,"column":11}},"type":"binary-expr","locations":[{"start":{"line":397,"column":11},"end":{"line":397,"column":20}},{"start":{"line":398,"column":12},"end":{"line":401,"column":19}}],"line":397},"30":{"loc":{"start":{"line":416,"column":19},"end":{"line":416,"column":54}},"type":"cond-expr","locations":[{"start":{"line":416,"column":33},"end":{"line":416,"column":45}},{"start":{"line":416,"column":48},"end":{"line":416,"column":54}}],"line":416},"31":{"loc":{"start":{"line":418,"column":21},"end":{"line":418,"column":75}},"type":"cond-expr","locations":[{"start":{"line":418,"column":53},"end":{"line":418,"column":62}},{"start":{"line":418,"column":65},"end":{"line":418,"column":75}}],"line":418},"32":{"loc":{"start":{"line":418,"column":21},"end":{"line":418,"column":50}},"type":"binary-expr","locations":[{"start":{"line":418,"column":21},"end":{"line":418,"column":34}},{"start":{"line":418,"column":38},"end":{"line":418,"column":50}}],"line":418},"33":{"loc":{"start":{"line":419,"column":22},"end":{"line":419,"column":51}},"type":"binary-expr","locations":[{"start":{"line":419,"column":22},"end":{"line":419,"column":36}},{"start":{"line":419,"column":40},"end":{"line":419,"column":51}}],"line":419},"34":{"loc":{"start":{"line":426,"column":7},"end":{"line":437,"column":7}},"type":"binary-expr","locations":[{"start":{"line":426,"column":7},"end":{"line":426,"column":15}},{"start":{"line":427,"column":8},"end":{"line":436,"column":10}}],"line":426}},"s":{"0":0,"1":0,"2":0,"3":0,"4":0,"5":0,"6":0,"7":0,"8":0,"9":0,"10":0,"11":0,"12":0,"13":0,"14":0,"15":0,"16":0,"17":0,"18":0,"19":0,"20":0,"21":0,"22":0,"23":0,"24":0,"25":0,"26":0,"27":0,"28":0,"29":0,"30":0,"31":0,"32":0,"33":0,"34":0,"35":0,"36":0,"37":0,"38":0,"39":0,"40":0,"41":0,"42":0,"43":0,"44":0,"45":0,"46":0,"47":0,"48":0,"49":0,"50":0,"51":0,"52":0,"53":0,"54":0,"55":0,"56":0,"57":0,"58":0,"59":0,"60":0,"61":0,"62":0,"63":0,"64":0,"65":0,"66":0,"67":0,"68":0,"69":0,"70":0,"71":0,"72":0,"73":0,"74":0,"75":0,"76":0,"77":0,"78":0,"79":0,"80":0,"81":0},"f":{"0":0,"1":0,"2":0,"3":0,"4":0,"5":0,"6":0,"7":0,"8":0,"9":0,"10":0,"11":0,"12":0,"13":0,"14":0,"15":0},"b":{"0":[0,0],"1":[0,0],"2":[0,0],"3":[0,0,0],"4":[0,0],"5":[0,0,0],"6":[0,0],"7":[0,0],"8":[0,0],"9":[0,0],"10":[0,0],"11":[0,0],"12":[0,0],"13":[0,0],"14":[0,0],"15":[0,0],"16":[0,0],"17":[0,0],"18":[0,0],"19":[0,0],"20":[0,0],"21":[0,0],"22":[0,0],"23":[0,0],"24":[0,0],"25":[0,0],"26":[0,0],"27":[0,0],"28":[0,0],"29":[0,0],"30":[0,0],"31":[0,0],"32":[0,0],"33":[0,0],"34":[0,0]}}
,"/Users/adamturman/Desktop/Personal Practice/uniswap/MySnackProject/components/EnterRecipientAddress.tsx": {"path":"/Users/adamturman/Desktop/Personal Practice/uniswap/MySnackProject/components/EnterRecipientAddress.tsx","statementMap":{"0":{"start":{"line":31,"column":30},"end":{"line":31,"column":57}},"1":{"start":{"line":32,"column":26},"end":{"line":32,"column":28}},"2":{"start":{"line":39,"column":21},"end":{"line":39,"column":31}},"3":{"start":{"line":40,"column":21},"end":{"line":40,"column":52}},"4":{"start":{"line":41,"column":32},"end":{"line":41,"column":44}},"5":{"start":{"line":42,"column":46},"end":{"line":42,"column":68}},"6":{"start":{"line":43,"column":52},"end":{"line":43,"column":66}},"7":{"start":{"line":44,"column":40},"end":{"line":44,"column":69}},"8":{"start":{"line":45,"column":46},"end":{"line":45,"column":61}},"9":{"start":{"line":48,"column":2},"end":{"line":50,"column":9}},"10":{"start":{"line":49,"column":4},"end":{"line":49,"column":25}},"11":{"start":{"line":52,"column":29},"end":{"line":61,"column":3}},"12":{"start":{"line":53,"column":4},"end":{"line":60,"column":5}},"13":{"start":{"line":54,"column":22},"end":{"line":54,"column":71}},"14":{"start":{"line":55,"column":6},"end":{"line":57,"column":7}},"15":{"start":{"line":56,"column":8},"end":{"line":56,"column":47}},"16":{"start":{"line":59,"column":6},"end":{"line":59,"column":72}},"17":{"start":{"line":63,"column":31},"end":{"line":78,"column":3}},"18":{"start":{"line":64,"column":4},"end":{"line":77,"column":5}},"19":{"start":{"line":65,"column":29},"end":{"line":65,"column":46}},"20":{"start":{"line":66,"column":29},"end":{"line":69,"column":35}},"21":{"start":{"line":68,"column":43},"end":{"line":68,"column":66}},"22":{"start":{"line":70,"column":6},"end":{"line":70,"column":40}},"23":{"start":{"line":71,"column":6},"end":{"line":74,"column":8}},"24":{"start":{"line":76,"column":6},"end":{"line":76,"column":75}},"25":{"start":{"line":80,"column":35},"end":{"line":97,"column":3}},"26":{"start":{"line":81,"column":4},"end":{"line":96,"column":5}},"27":{"start":{"line":82,"column":29},"end":{"line":84,"column":7}},"28":{"start":{"line":83,"column":18},"end":{"line":83,"column":42}},"29":{"start":{"line":85,"column":6},"end":{"line":85,"column":40}},"30":{"start":{"line":86,"column":6},"end":{"line":93,"column":7}},"31":{"start":{"line":87,"column":8},"end":{"line":87,"column":61}},"32":{"start":{"line":89,"column":8},"end":{"line":92,"column":10}},"33":{"start":{"line":95,"column":6},"end":{"line":95,"column":79}},"34":{"start":{"line":99,"column":30},"end":{"line":101,"column":3}},"35":{"start":{"line":100,"column":4},"end":{"line":100,"column":27}},"36":{"start":{"line":103,"column":33},"end":{"line":105,"column":3}},"37":{"start":{"line":104,"column":4},"end":{"line":104,"column":31}},"38":{"start":{"line":107,"column":25},"end":{"line":133,"column":3}},"39":{"start":{"line":108,"column":4},"end":{"line":108,"column":51}},"40":{"start":{"line":108,"column":44},"end":{"line":108,"column":51}},"41":{"start":{"line":110,"column":25},"end":{"line":110,"column":39}},"42":{"start":{"line":111,"column":4},"end":{"line":111,"column":29}},"43":{"start":{"line":113,"column":4},"end":{"line":132,"column":5}},"44":{"start":{"line":114,"column":27},"end":{"line":114,"column":61}},"45":{"start":{"line":115,"column":6},"end":{"line":117,"column":7}},"46":{"start":{"line":116,"column":8},"end":{"line":116,"column":15}},"47":{"start":{"line":120,"column":6},"end":{"line":120,"column":47}},"48":{"start":{"line":123,"column":6},"end":{"line":123,"column":33}},"49":{"start":{"line":126,"column":6},"end":{"line":126,"column":41}},"50":{"start":{"line":129,"column":6},"end":{"line":129,"column":21}},"51":{"start":{"line":131,"column":6},"end":{"line":131,"column":57}},"52":{"start":{"line":135,"column":30},"end":{"line":137,"column":3}},"53":{"start":{"line":136,"column":4},"end":{"line":136,"column":32}},"54":{"start":{"line":139,"column":33},"end":{"line":149,"column":3}},"55":{"start":{"line":140,"column":4},"end":{"line":148,"column":5}},"56":{"start":{"line":141,"column":6},"end":{"line":141,"column":41}},"57":{"start":{"line":142,"column":6},"end":{"line":142,"column":30}},"58":{"start":{"line":143,"column":6},"end":{"line":145,"column":15}},"59":{"start":{"line":144,"column":8},"end":{"line":144,"column":29}},"60":{"start":{"line":147,"column":6},"end":{"line":147,"column":54}},"61":{"start":{"line":151,"column":2},"end":{"line":300,"column":4}},"62":{"start":{"line":195,"column":33},"end":{"line":195,"column":73}},"63":{"start":{"line":219,"column":51},"end":{"line":219,"column":69}},"64":{"start":{"line":221,"column":22},"end":{"line":269,"column":29}},"65":{"start":{"line":229,"column":41},"end":{"line":229,"column":66}},"66":{"start":{"line":243,"column":41},"end":{"line":243,"column":69}},"67":{"start":{"line":261,"column":41},"end":{"line":261,"column":71}},"68":{"start":{"line":303,"column":15},"end":{"line":376,"column":2}}},"fnMap":{"0":{"name":"EnterRecipientAddress","decl":{"start":{"line":34,"column":24},"end":{"line":34,"column":45}},"loc":{"start":{"line":38,"column":31},"end":{"line":301,"column":1}},"line":38},"1":{"name":"(anonymous_1)","decl":{"start":{"line":48,"column":12},"end":{"line":48,"column":13}},"loc":{"start":{"line":48,"column":18},"end":{"line":50,"column":3}},"line":48},"2":{"name":"(anonymous_2)","decl":{"start":{"line":52,"column":29},"end":{"line":52,"column":30}},"loc":{"start":{"line":52,"column":41},"end":{"line":61,"column":3}},"line":52},"3":{"name":"(anonymous_3)","decl":{"start":{"line":63,"column":31},"end":{"line":63,"column":32}},"loc":{"start":{"line":63,"column":61},"end":{"line":78,"column":3}},"line":63},"4":{"name":"(anonymous_4)","decl":{"start":{"line":68,"column":33},"end":{"line":68,"column":34}},"loc":{"start":{"line":68,"column":43},"end":{"line":68,"column":66}},"line":68},"5":{"name":"(anonymous_5)","decl":{"start":{"line":80,"column":35},"end":{"line":80,"column":36}},"loc":{"start":{"line":80,"column":70},"end":{"line":97,"column":3}},"line":80},"6":{"name":"(anonymous_6)","decl":{"start":{"line":83,"column":8},"end":{"line":83,"column":9}},"loc":{"start":{"line":83,"column":18},"end":{"line":83,"column":42}},"line":83},"7":{"name":"(anonymous_7)","decl":{"start":{"line":99,"column":30},"end":{"line":99,"column":31}},"loc":{"start":{"line":99,"column":54},"end":{"line":101,"column":3}},"line":99},"8":{"name":"(anonymous_8)","decl":{"start":{"line":103,"column":33},"end":{"line":103,"column":34}},"loc":{"start":{"line":103,"column":55},"end":{"line":105,"column":3}},"line":103},"9":{"name":"(anonymous_9)","decl":{"start":{"line":107,"column":25},"end":{"line":107,"column":26}},"loc":{"start":{"line":107,"column":37},"end":{"line":133,"column":3}},"line":107},"10":{"name":"(anonymous_10)","decl":{"start":{"line":135,"column":30},"end":{"line":135,"column":31}},"loc":{"start":{"line":135,"column":59},"end":{"line":137,"column":3}},"line":135},"11":{"name":"(anonymous_11)","decl":{"start":{"line":139,"column":33},"end":{"line":139,"column":34}},"loc":{"start":{"line":139,"column":60},"end":{"line":149,"column":3}},"line":139},"12":{"name":"(anonymous_12)","decl":{"start":{"line":143,"column":17},"end":{"line":143,"column":18}},"loc":{"start":{"line":143,"column":23},"end":{"line":145,"column":7}},"line":143},"13":{"name":"(anonymous_13)","decl":{"start":{"line":195,"column":27},"end":{"line":195,"column":28}},"loc":{"start":{"line":195,"column":33},"end":{"line":195,"column":73}},"line":195},"14":{"name":"(anonymous_14)","decl":{"start":{"line":219,"column":34},"end":{"line":219,"column":35}},"loc":{"start":{"line":219,"column":51},"end":{"line":219,"column":69}},"line":219},"15":{"name":"(anonymous_15)","decl":{"start":{"line":220,"column":32},"end":{"line":220,"column":33}},"loc":{"start":{"line":221,"column":22},"end":{"line":269,"column":29}},"line":221},"16":{"name":"(anonymous_16)","decl":{"start":{"line":229,"column":35},"end":{"line":229,"column":36}},"loc":{"start":{"line":229,"column":41},"end":{"line":229,"column":66}},"line":229},"17":{"name":"(anonymous_17)","decl":{"start":{"line":243,"column":35},"end":{"line":243,"column":36}},"loc":{"start":{"line":243,"column":41},"end":{"line":243,"column":69}},"line":243},"18":{"name":"(anonymous_18)","decl":{"start":{"line":261,"column":35},"end":{"line":261,"column":36}},"loc":{"start":{"line":261,"column":41},"end":{"line":261,"column":71}},"line":261}},"branchMap":{"0":{"loc":{"start":{"line":55,"column":6},"end":{"line":57,"column":7}},"type":"if","locations":[{"start":{"line":55,"column":6},"end":{"line":57,"column":7}},{"start":{},"end":{}}],"line":55},"1":{"loc":{"start":{"line":86,"column":6},"end":{"line":93,"column":7}},"type":"if","locations":[{"start":{"line":86,"column":6},"end":{"line":93,"column":7}},{"start":{"line":88,"column":13},"end":{"line":93,"column":7}}],"line":86},"2":{"loc":{"start":{"line":108,"column":4},"end":{"line":108,"column":51}},"type":"if","locations":[{"start":{"line":108,"column":4},"end":{"line":108,"column":51}},{"start":{},"end":{}}],"line":108},"3":{"loc":{"start":{"line":108,"column":8},"end":{"line":108,"column":42}},"type":"binary-expr","locations":[{"start":{"line":108,"column":8},"end":{"line":108,"column":23}},{"start":{"line":108,"column":27},"end":{"line":108,"column":42}}],"line":108},"4":{"loc":{"start":{"line":115,"column":6},"end":{"line":117,"column":7}},"type":"if","locations":[{"start":{"line":115,"column":6},"end":{"line":117,"column":7}},{"start":{},"end":{}}],"line":115},"5":{"loc":{"start":{"line":153,"column":27},"end":{"line":153,"column":45}},"type":"binary-expr","locations":[{"start":{"line":153,"column":27},"end":{"line":153,"column":33}},{"start":{"line":153,"column":37},"end":{"line":153,"column":45}}],"line":153},"6":{"loc":{"start":{"line":158,"column":18},"end":{"line":158,"column":63}},"type":"cond-expr","locations":[{"start":{"line":158,"column":42},"end":{"line":158,"column":51}},{"start":{"line":158,"column":54},"end":{"line":158,"column":63}}],"line":158},"7":{"loc":{"start":{"line":177,"column":13},"end":{"line":276,"column":13}},"type":"binary-expr","locations":[{"start":{"line":177,"column":13},"end":{"line":177,"column":38}},{"start":{"line":178,"column":14},"end":{"line":275,"column":21}}],"line":177},"8":{"loc":{"start":{"line":209,"column":28},"end":{"line":209,"column":77}},"type":"cond-expr","locations":[{"start":{"line":209,"column":48},"end":{"line":209,"column":60}},{"start":{"line":209,"column":63},"end":{"line":209,"column":77}}],"line":209},"9":{"loc":{"start":{"line":216,"column":17},"end":{"line":274,"column":17}},"type":"binary-expr","locations":[{"start":{"line":216,"column":17},"end":{"line":216,"column":34}},{"start":{"line":217,"column":18},"end":{"line":273,"column":20}}],"line":216},"10":{"loc":{"start":{"line":247,"column":30},"end":{"line":249,"column":48}},"type":"cond-expr","locations":[{"start":{"line":248,"column":34},"end":{"line":248,"column":52}},{"start":{"line":249,"column":34},"end":{"line":249,"column":48}}],"line":247},"11":{"loc":{"start":{"line":253,"column":30},"end":{"line":255,"column":54}},"type":"cond-expr","locations":[{"start":{"line":254,"column":34},"end":{"line":254,"column":48}},{"start":{"line":255,"column":34},"end":{"line":255,"column":54}}],"line":253},"12":{"loc":{"start":{"line":293,"column":21},"end":{"line":293,"column":60}},"type":"cond-expr","locations":[{"start":{"line":293,"column":38},"end":{"line":293,"column":47}},{"start":{"line":293,"column":50},"end":{"line":293,"column":60}}],"line":293}},"s":{"0":0,"1":0,"2":0,"3":0,"4":0,"5":0,"6":0,"7":0,"8":0,"9":0,"10":0,"11":0,"12":0,"13":0,"14":0,"15":0,"16":0,"17":0,"18":0,"19":0,"20":0,"21":0,"22":0,"23":0,"24":0,"25":0,"26":0,"27":0,"28":0,"29":0,"30":0,"31":0,"32":0,"33":0,"34":0,"35":0,"36":0,"37":0,"38":0,"39":0,"40":0,"41":0,"42":0,"43":0,"44":0,"45":0,"46":0,"47":0,"48":0,"49":0,"50":0,"51":0,"52":0,"53":0,"54":0,"55":0,"56":0,"57":0,"58":0,"59":0,"60":0,"61":0,"62":0,"63":0,"64":0,"65":0,"66":0,"67":0,"68":0},"f":{"0":0,"1":0,"2":0,"3":0,"4":0,"5":0,"6":0,"7":0,"8":0,"9":0,"10":0,"11":0,"12":0,"13":0,"14":0,"15":0,"16":0,"17":0,"18":0},"b":{"0":[0,0],"1":[0,0],"2":[0,0],"3":[0,0],"4":[0,0],"5":[0,0],"6":[0,0],"7":[0,0],"8":[0,0],"9":[0,0],"10":[0,0],"11":[0,0],"12":[0,0]}}
,"/Users/adamturman/Desktop/Personal Practice/uniswap/MySnackProject/components/EnterRecoveryPhrase.tsx": {"path":"/Users/adamturman/Desktop/Personal Practice/uniswap/MySnackProject/components/EnterRecoveryPhrase.tsx","statementMap":{"0":{"start":{"line":19,"column":21},"end":{"line":19,"column":31}},"1":{"start":{"line":20,"column":21},"end":{"line":20,"column":52}},"2":{"start":{"line":21,"column":30},"end":{"line":21,"column":42}},"3":{"start":{"line":22,"column":44},"end":{"line":22,"column":59}},"4":{"start":{"line":24,"column":29},"end":{"line":38,"column":3}},"5":{"start":{"line":25,"column":4},"end":{"line":25,"column":25}},"6":{"start":{"line":27,"column":4},"end":{"line":30,"column":5}},"7":{"start":{"line":28,"column":6},"end":{"line":28,"column":30}},"8":{"start":{"line":29,"column":6},"end":{"line":29,"column":13}},"9":{"start":{"line":32,"column":4},"end":{"line":37,"column":5}},"10":{"start":{"line":33,"column":6},"end":{"line":33,"column":37}},"11":{"start":{"line":34,"column":6},"end":{"line":34,"column":29}},"12":{"start":{"line":36,"column":6},"end":{"line":36,"column":30}},"13":{"start":{"line":40,"column":25},"end":{"line":48,"column":3}},"14":{"start":{"line":41,"column":4},"end":{"line":47,"column":5}},"15":{"start":{"line":42,"column":6},"end":{"line":42,"column":25}},"16":{"start":{"line":43,"column":6},"end":{"line":43,"column":39}},"17":{"start":{"line":46,"column":6},"end":{"line":46,"column":20}},"18":{"start":{"line":50,"column":2},"end":{"line":103,"column":4}},"19":{"start":{"line":106,"column":15},"end":{"line":136,"column":2}}},"fnMap":{"0":{"name":"EnterRecoveryPhrase","decl":{"start":{"line":16,"column":24},"end":{"line":16,"column":43}},"loc":{"start":{"line":18,"column":29},"end":{"line":104,"column":1}},"line":18},"1":{"name":"(anonymous_1)","decl":{"start":{"line":24,"column":29},"end":{"line":24,"column":30}},"loc":{"start":{"line":24,"column":52},"end":{"line":38,"column":3}},"line":24},"2":{"name":"(anonymous_2)","decl":{"start":{"line":40,"column":25},"end":{"line":40,"column":26}},"loc":{"start":{"line":40,"column":31},"end":{"line":48,"column":3}},"line":40}},"branchMap":{"0":{"loc":{"start":{"line":27,"column":4},"end":{"line":30,"column":5}},"type":"if","locations":[{"start":{"line":27,"column":4},"end":{"line":30,"column":5}},{"start":{},"end":{}}],"line":27},"1":{"loc":{"start":{"line":41,"column":4},"end":{"line":47,"column":5}},"type":"if","locations":[{"start":{"line":41,"column":4},"end":{"line":47,"column":5}},{"start":{},"end":{}}],"line":41},"2":{"loc":{"start":{"line":41,"column":8},"end":{"line":41,"column":35}},"type":"binary-expr","locations":[{"start":{"line":41,"column":8},"end":{"line":41,"column":18}},{"start":{"line":41,"column":22},"end":{"line":41,"column":35}}],"line":41},"3":{"loc":{"start":{"line":97,"column":19},"end":{"line":97,"column":57}},"type":"cond-expr","locations":[{"start":{"line":97,"column":35},"end":{"line":97,"column":44}},{"start":{"line":97,"column":47},"end":{"line":97,"column":57}}],"line":97}},"s":{"0":0,"1":0,"2":0,"3":0,"4":0,"5":0,"6":0,"7":0,"8":0,"9":0,"10":0,"11":0,"12":0,"13":0,"14":0,"15":0,"16":0,"17":0,"18":0,"19":0},"f":{"0":0,"1":0,"2":0},"b":{"0":[0,0],"1":[0,0],"2":[0,0],"3":[0,0]}}
,"/Users/adamturman/Desktop/Personal Practice/uniswap/MySnackProject/components/EnterWatchAddress.tsx": {"path":"/Users/adamturman/Desktop/Personal Practice/uniswap/MySnackProject/components/EnterWatchAddress.tsx","statementMap":{"0":{"start":{"line":32,"column":28},"end":{"line":32,"column":52}},"1":{"start":{"line":33,"column":26},"end":{"line":33,"column":28}},"2":{"start":{"line":38,"column":21},"end":{"line":38,"column":31}},"3":{"start":{"line":39,"column":21},"end":{"line":39,"column":52}},"4":{"start":{"line":40,"column":32},"end":{"line":40,"column":44}},"5":{"start":{"line":41,"column":46},"end":{"line":41,"column":68}},"6":{"start":{"line":42,"column":52},"end":{"line":42,"column":66}},"7":{"start":{"line":43,"column":40},"end":{"line":43,"column":69}},"8":{"start":{"line":44,"column":46},"end":{"line":44,"column":61}},"9":{"start":{"line":47,"column":2},"end":{"line":49,"column":9}},"10":{"start":{"line":48,"column":4},"end":{"line":48,"column":25}},"11":{"start":{"line":51,"column":29},"end":{"line":60,"column":3}},"12":{"start":{"line":52,"column":4},"end":{"line":59,"column":5}},"13":{"start":{"line":53,"column":22},"end":{"line":53,"column":69}},"14":{"start":{"line":54,"column":6},"end":{"line":56,"column":7}},"15":{"start":{"line":55,"column":8},"end":{"line":55,"column":47}},"16":{"start":{"line":58,"column":6},"end":{"line":58,"column":56}},"17":{"start":{"line":62,"column":31},"end":{"line":77,"column":3}},"18":{"start":{"line":63,"column":4},"end":{"line":76,"column":5}},"19":{"start":{"line":64,"column":29},"end":{"line":64,"column":46}},"20":{"start":{"line":65,"column":29},"end":{"line":68,"column":35}},"21":{"start":{"line":67,"column":43},"end":{"line":67,"column":66}},"22":{"start":{"line":69,"column":6},"end":{"line":69,"column":40}},"23":{"start":{"line":70,"column":6},"end":{"line":73,"column":8}},"24":{"start":{"line":75,"column":6},"end":{"line":75,"column":59}},"25":{"start":{"line":79,"column":35},"end":{"line":96,"column":3}},"26":{"start":{"line":80,"column":4},"end":{"line":95,"column":5}},"27":{"start":{"line":81,"column":29},"end":{"line":83,"column":7}},"28":{"start":{"line":82,"column":18},"end":{"line":82,"column":42}},"29":{"start":{"line":84,"column":6},"end":{"line":84,"column":40}},"30":{"start":{"line":85,"column":6},"end":{"line":92,"column":7}},"31":{"start":{"line":86,"column":8},"end":{"line":86,"column":59}},"32":{"start":{"line":88,"column":8},"end":{"line":91,"column":10}},"33":{"start":{"line":94,"column":6},"end":{"line":94,"column":63}},"34":{"start":{"line":98,"column":30},"end":{"line":100,"column":3}},"35":{"start":{"line":99,"column":4},"end":{"line":99,"column":27}},"36":{"start":{"line":102,"column":33},"end":{"line":104,"column":3}},"37":{"start":{"line":103,"column":4},"end":{"line":103,"column":31}},"38":{"start":{"line":106,"column":25},"end":{"line":132,"column":3}},"39":{"start":{"line":107,"column":4},"end":{"line":107,"column":51}},"40":{"start":{"line":107,"column":44},"end":{"line":107,"column":51}},"41":{"start":{"line":109,"column":25},"end":{"line":109,"column":39}},"42":{"start":{"line":110,"column":4},"end":{"line":110,"column":29}},"43":{"start":{"line":112,"column":4},"end":{"line":131,"column":5}},"44":{"start":{"line":114,"column":27},"end":{"line":114,"column":61}},"45":{"start":{"line":115,"column":6},"end":{"line":117,"column":7}},"46":{"start":{"line":116,"column":8},"end":{"line":116,"column":15}},"47":{"start":{"line":120,"column":6},"end":{"line":120,"column":47}},"48":{"start":{"line":123,"column":30},"end":{"line":123,"column":61}},"49":{"start":{"line":124,"column":6},"end":{"line":124,"column":50}},"50":{"start":{"line":125,"column":6},"end":{"line":125,"column":39}},"51":{"start":{"line":128,"column":6},"end":{"line":128,"column":21}},"52":{"start":{"line":130,"column":6},"end":{"line":130,"column":51}},"53":{"start":{"line":134,"column":30},"end":{"line":136,"column":3}},"54":{"start":{"line":135,"column":4},"end":{"line":135,"column":32}},"55":{"start":{"line":138,"column":33},"end":{"line":148,"column":3}},"56":{"start":{"line":139,"column":4},"end":{"line":147,"column":5}},"57":{"start":{"line":140,"column":6},"end":{"line":140,"column":46}},"58":{"start":{"line":141,"column":6},"end":{"line":141,"column":30}},"59":{"start":{"line":142,"column":6},"end":{"line":144,"column":15}},"60":{"start":{"line":143,"column":8},"end":{"line":143,"column":29}},"61":{"start":{"line":146,"column":6},"end":{"line":146,"column":54}},"62":{"start":{"line":150,"column":2},"end":{"line":296,"column":4}},"63":{"start":{"line":191,"column":33},"end":{"line":191,"column":73}},"64":{"start":{"line":215,"column":51},"end":{"line":215,"column":69}},"65":{"start":{"line":217,"column":22},"end":{"line":265,"column":29}},"66":{"start":{"line":225,"column":41},"end":{"line":225,"column":66}},"67":{"start":{"line":239,"column":41},"end":{"line":239,"column":69}},"68":{"start":{"line":257,"column":41},"end":{"line":257,"column":71}},"69":{"start":{"line":299,"column":15},"end":{"line":372,"column":2}}},"fnMap":{"0":{"name":"EnterWatchAddress","decl":{"start":{"line":35,"column":24},"end":{"line":35,"column":41}},"loc":{"start":{"line":37,"column":27},"end":{"line":297,"column":1}},"line":37},"1":{"name":"(anonymous_1)","decl":{"start":{"line":47,"column":12},"end":{"line":47,"column":13}},"loc":{"start":{"line":47,"column":18},"end":{"line":49,"column":3}},"line":47},"2":{"name":"(anonymous_2)","decl":{"start":{"line":51,"column":29},"end":{"line":51,"column":30}},"loc":{"start":{"line":51,"column":41},"end":{"line":60,"column":3}},"line":51},"3":{"name":"(anonymous_3)","decl":{"start":{"line":62,"column":31},"end":{"line":62,"column":32}},"loc":{"start":{"line":62,"column":61},"end":{"line":77,"column":3}},"line":62},"4":{"name":"(anonymous_4)","decl":{"start":{"line":67,"column":33},"end":{"line":67,"column":34}},"loc":{"start":{"line":67,"column":43},"end":{"line":67,"column":66}},"line":67},"5":{"name":"(anonymous_5)","decl":{"start":{"line":79,"column":35},"end":{"line":79,"column":36}},"loc":{"start":{"line":79,"column":70},"end":{"line":96,"column":3}},"line":79},"6":{"name":"(anonymous_6)","decl":{"start":{"line":82,"column":8},"end":{"line":82,"column":9}},"loc":{"start":{"line":82,"column":18},"end":{"line":82,"column":42}},"line":82},"7":{"name":"(anonymous_7)","decl":{"start":{"line":98,"column":30},"end":{"line":98,"column":31}},"loc":{"start":{"line":98,"column":54},"end":{"line":100,"column":3}},"line":98},"8":{"name":"(anonymous_8)","decl":{"start":{"line":102,"column":33},"end":{"line":102,"column":34}},"loc":{"start":{"line":102,"column":55},"end":{"line":104,"column":3}},"line":102},"9":{"name":"(anonymous_9)","decl":{"start":{"line":106,"column":25},"end":{"line":106,"column":26}},"loc":{"start":{"line":106,"column":37},"end":{"line":132,"column":3}},"line":106},"10":{"name":"(anonymous_10)","decl":{"start":{"line":134,"column":30},"end":{"line":134,"column":31}},"loc":{"start":{"line":134,"column":59},"end":{"line":136,"column":3}},"line":134},"11":{"name":"(anonymous_11)","decl":{"start":{"line":138,"column":33},"end":{"line":138,"column":34}},"loc":{"start":{"line":138,"column":60},"end":{"line":148,"column":3}},"line":138},"12":{"name":"(anonymous_12)","decl":{"start":{"line":142,"column":17},"end":{"line":142,"column":18}},"loc":{"start":{"line":142,"column":23},"end":{"line":144,"column":7}},"line":142},"13":{"name":"(anonymous_13)","decl":{"start":{"line":191,"column":27},"end":{"line":191,"column":28}},"loc":{"start":{"line":191,"column":33},"end":{"line":191,"column":73}},"line":191},"14":{"name":"(anonymous_14)","decl":{"start":{"line":215,"column":34},"end":{"line":215,"column":35}},"loc":{"start":{"line":215,"column":51},"end":{"line":215,"column":69}},"line":215},"15":{"name":"(anonymous_15)","decl":{"start":{"line":216,"column":32},"end":{"line":216,"column":33}},"loc":{"start":{"line":217,"column":22},"end":{"line":265,"column":29}},"line":217},"16":{"name":"(anonymous_16)","decl":{"start":{"line":225,"column":35},"end":{"line":225,"column":36}},"loc":{"start":{"line":225,"column":41},"end":{"line":225,"column":66}},"line":225},"17":{"name":"(anonymous_17)","decl":{"start":{"line":239,"column":35},"end":{"line":239,"column":36}},"loc":{"start":{"line":239,"column":41},"end":{"line":239,"column":69}},"line":239},"18":{"name":"(anonymous_18)","decl":{"start":{"line":257,"column":35},"end":{"line":257,"column":36}},"loc":{"start":{"line":257,"column":41},"end":{"line":257,"column":71}},"line":257}},"branchMap":{"0":{"loc":{"start":{"line":54,"column":6},"end":{"line":56,"column":7}},"type":"if","locations":[{"start":{"line":54,"column":6},"end":{"line":56,"column":7}},{"start":{},"end":{}}],"line":54},"1":{"loc":{"start":{"line":85,"column":6},"end":{"line":92,"column":7}},"type":"if","locations":[{"start":{"line":85,"column":6},"end":{"line":92,"column":7}},{"start":{"line":87,"column":13},"end":{"line":92,"column":7}}],"line":85},"2":{"loc":{"start":{"line":107,"column":4},"end":{"line":107,"column":51}},"type":"if","locations":[{"start":{"line":107,"column":4},"end":{"line":107,"column":51}},{"start":{},"end":{}}],"line":107},"3":{"loc":{"start":{"line":107,"column":8},"end":{"line":107,"column":42}},"type":"binary-expr","locations":[{"start":{"line":107,"column":8},"end":{"line":107,"column":23}},{"start":{"line":107,"column":27},"end":{"line":107,"column":42}}],"line":107},"4":{"loc":{"start":{"line":115,"column":6},"end":{"line":117,"column":7}},"type":"if","locations":[{"start":{"line":115,"column":6},"end":{"line":117,"column":7}},{"start":{},"end":{}}],"line":115},"5":{"loc":{"start":{"line":154,"column":18},"end":{"line":154,"column":63}},"type":"cond-expr","locations":[{"start":{"line":154,"column":42},"end":{"line":154,"column":51}},{"start":{"line":154,"column":54},"end":{"line":154,"column":63}}],"line":154},"6":{"loc":{"start":{"line":173,"column":13},"end":{"line":272,"column":13}},"type":"binary-expr","locations":[{"start":{"line":173,"column":13},"end":{"line":173,"column":38}},{"start":{"line":174,"column":14},"end":{"line":271,"column":21}}],"line":173},"7":{"loc":{"start":{"line":205,"column":28},"end":{"line":205,"column":77}},"type":"cond-expr","locations":[{"start":{"line":205,"column":48},"end":{"line":205,"column":60}},{"start":{"line":205,"column":63},"end":{"line":205,"column":77}}],"line":205},"8":{"loc":{"start":{"line":212,"column":17},"end":{"line":270,"column":17}},"type":"binary-expr","locations":[{"start":{"line":212,"column":17},"end":{"line":212,"column":34}},{"start":{"line":213,"column":18},"end":{"line":269,"column":20}}],"line":212},"9":{"loc":{"start":{"line":243,"column":30},"end":{"line":245,"column":48}},"type":"cond-expr","locations":[{"start":{"line":244,"column":34},"end":{"line":244,"column":52}},{"start":{"line":245,"column":34},"end":{"line":245,"column":48}}],"line":243},"10":{"loc":{"start":{"line":249,"column":30},"end":{"line":251,"column":54}},"type":"cond-expr","locations":[{"start":{"line":250,"column":34},"end":{"line":250,"column":48}},{"start":{"line":251,"column":34},"end":{"line":251,"column":54}}],"line":249},"11":{"loc":{"start":{"line":289,"column":21},"end":{"line":289,"column":60}},"type":"cond-expr","locations":[{"start":{"line":289,"column":38},"end":{"line":289,"column":47}},{"start":{"line":289,"column":50},"end":{"line":289,"column":60}}],"line":289}},"s":{"0":0,"1":0,"2":0,"3":0,"4":0,"5":0,"6":0,"7":0,"8":0,"9":0,"10":0,"11":0,"12":0,"13":0,"14":0,"15":0,"16":0,"17":0,"18":0,"19":0,"20":0,"21":0,"22":0,"23":0,"24":0,"25":0,"26":0,"27":0,"28":0,"29":0,"30":0,"31":0,"32":0,"33":0,"34":0,"35":0,"36":0,"37":0,"38":0,"39":0,"40":0,"41":0,"42":0,"43":0,"44":0,"45":0,"46":0,"47":0,"48":0,"49":0,"50":0,"51":0,"52":0,"53":0,"54":0,"55":0,"56":0,"57":0,"58":0,"59":0,"60":0,"61":0,"62":0,"63":0,"64":0,"65":0,"66":0,"67":0,"68":0,"69":0},"f":{"0":0,"1":0,"2":0,"3":0,"4":0,"5":0,"6":0,"7":0,"8":0,"9":0,"10":0,"11":0,"12":0,"13":0,"14":0,"15":0,"16":0,"17":0,"18":0},"b":{"0":[0,0],"1":[0,0],"2":[0,0],"3":[0,0],"4":[0,0],"5":[0,0],"6":[0,0],"7":[0,0],"8":[0,0],"9":[0,0],"10":[0,0],"11":[0,0]}}
,"/Users/adamturman/Desktop/Personal Practice/uniswap/MySnackProject/components/EthIcon.tsx": {"path":"/Users/adamturman/Desktop/Personal Practice/uniswap/MySnackProject/components/EthIcon.tsx","statementMap":{"0":{"start":{"line":13,"column":19},"end":{"line":30,"column":1}},"1":{"start":{"line":32,"column":15},"end":{"line":37,"column":2}},"2":{"start":{"line":40,"column":17},"end":{"line":40,"column":33}},"3":{"start":{"line":42,"column":36},"end":{"line":47,"column":3}},"4":{"start":{"line":49,"column":2},"end":{"line":60,"column":4}}},"fnMap":{"0":{"name":"EthIcon","decl":{"start":{"line":39,"column":24},"end":{"line":39,"column":31}},"loc":{"start":{"line":39,"column":74},"end":{"line":61,"column":1}},"line":39}},"branchMap":{"0":{"loc":{"start":{"line":39,"column":34},"end":{"line":39,"column":49}},"type":"default-arg","locations":[{"start":{"line":39,"column":41},"end":{"line":39,"column":49}}],"line":39}},"s":{"0":1,"1":1,"2":0,"3":0,"4":0},"f":{"0":0},"b":{"0":[0]},"_coverageSchema":"1a1c01bbd47fc00a2c39e90264f33305004495a9","hash":"cb32c82188eaf4774b3122450b14e557018bf4df"}
[...]
,"/Users/adamturman/Desktop/Personal Practice/uniswap/MySnackProject/utils/explorerUtils.ts": {"path":"/Users/adamturman/Desktop/Personal Practice/uniswap/MySnackProject/utils/explorerUtils.ts","statementMap":{"0":{"start":{"line":9,"column":28},"end":{"line":30,"column":1}},"1":{"start":{"line":13,"column":2},"end":{"line":15,"column":3}},"2":{"start":{"line":14,"column":4},"end":{"line":14,"column":67}},"3":{"start":{"line":17,"column":2},"end":{"line":29,"column":3}},"4":{"start":{"line":18,"column":19},"end":{"line":18,"column":40}},"5":{"start":{"line":20,"column":4},"end":{"line":22,"column":5}},"6":{"start":{"line":21,"column":6},"end":{"line":21,"column":71}},"7":{"start":{"line":24,"column":24},"end":{"line":24,"column":65}},"8":{"start":{"line":25,"column":4},"end":{"line":25,"column":39}},"9":{"start":{"line":27,"column":4},"end":{"line":27,"column":53}},"10":{"start":{"line":28,"column":4},"end":{"line":28,"column":16}}},"fnMap":{"0":{"name":"(anonymous_0)","decl":{"start":{"line":9,"column":28},"end":{"line":9,"column":29}},"loc":{"start":{"line":12,"column":20},"end":{"line":30,"column":1}},"line":12}},"branchMap":{"0":{"loc":{"start":{"line":13,"column":2},"end":{"line":15,"column":3}},"type":"if","locations":[{"start":{"line":13,"column":2},"end":{"line":15,"column":3}},{"start":{},"end":{}}],"line":13},"1":{"loc":{"start":{"line":13,"column":6},"end":{"line":13,"column":35}},"type":"binary-expr","locations":[{"start":{"line":13,"column":6},"end":{"line":13,"column":22}},{"start":{"line":13,"column":26},"end":{"line":13,"column":35}}],"line":13},"2":{"loc":{"start":{"line":20,"column":4},"end":{"line":22,"column":5}},"type":"if","locations":[{"start":{"line":20,"column":4},"end":{"line":22,"column":5}},{"start":{},"end":{}}],"line":20},"3":{"loc":{"start":{"line":20,"column":8},"end":{"line":20,"column":38}},"type":"binary-expr","locations":[{"start":{"line":20,"column":8},"end":{"line":20,"column":15}},{"start":{"line":20,"column":19},"end":{"line":20,"column":38}}],"line":20}},"s":{"0":0,"1":0,"2":0,"3":0,"4":0,"5":0,"6":0,"7":0,"8":0,"9":0,"10":0},"f":{"0":0},"b":{"0":[0,0],"1":[0,0],"2":[0,0],"3":[0,0]}}
,"/Users/adamturman/Desktop/Personal Practice/uniswap/MySnackProject/utils/priceUtils.ts": {"path":"/Users/adamturman/Desktop/Personal Practice/uniswap/MySnackProject/utils/priceUtils.ts","statementMap":{"0":{"start":{"line":5,"column":27},"end":{"line":7,"column":1}},"1":{"start":{"line":6,"column":2},"end":{"line":6,"column":101}},"2":{"start":{"line":9,"column":33},"end":{"line":14,"column":1}},"3":{"start":{"line":13,"column":2},"end":{"line":13,"column":34}},"4":{"start":{"line":16,"column":30},"end":{"line":18,"column":1}},"5":{"start":{"line":17,"column":2},"end":{"line":17,"column":104}}},"fnMap":{"0":{"name":"(anonymous_0)","decl":{"start":{"line":5,"column":27},"end":{"line":5,"column":28}},"loc":{"start":{"line":5,"column":54},"end":{"line":7,"column":1}},"line":5},"1":{"name":"(anonymous_1)","decl":{"start":{"line":9,"column":33},"end":{"line":9,"column":34}},"loc":{"start":{"line":12,"column":13},"end":{"line":14,"column":1}},"line":12},"2":{"name":"(anonymous_2)","decl":{"start":{"line":16,"column":30},"end":{"line":16,"column":31}},"loc":{"start":{"line":16,"column":60},"end":{"line":18,"column":1}},"line":16}},"branchMap":{},"s":{"0":0,"1":0,"2":0,"3":0,"4":0,"5":0},"f":{"0":0,"1":0,"2":0},"b":{}}
,"/Users/adamturman/Desktop/Personal Practice/uniswap/MySnackProject/utils/transactionUtils.ts": {"path":"/Users/adamturman/Desktop/Personal Practice/uniswap/MySnackProject/utils/transactionUtils.ts","statementMap":{"0":{"start":{"line":37,"column":2},"end":{"line":73,"column":3}},"1":{"start":{"line":38,"column":24},"end":{"line":38,"column":55}},"2":{"start":{"line":41,"column":24},"end":{"line":45,"column":6}},"3":{"start":{"line":48,"column":20},"end":{"line":48,"column":47}},"4":{"start":{"line":51,"column":4},"end":{"line":69,"column":5}},"5":{"start":{"line":52,"column":25},"end":{"line":52,"column":62}},"6":{"start":{"line":53,"column":6},"end":{"line":59,"column":8}},"7":{"start":{"line":60,"column":11},"end":{"line":69,"column":5}},"8":{"start":{"line":61,"column":25},"end":{"line":61,"column":58}},"9":{"start":{"line":62,"column":6},"end":{"line":66,"column":8}},"10":{"start":{"line":68,"column":6},"end":{"line":68,"column":61}},"11":{"start":{"line":71,"column":4},"end":{"line":71,"column":51}},"12":{"start":{"line":72,"column":4},"end":{"line":72,"column":16}},"13":{"start":{"line":83,"column":2},"end":{"line":142,"column":3}},"14":{"start":{"line":85,"column":21},"end":{"line":85,"column":65}},"15":{"start":{"line":88,"column":28},"end":{"line":88,"column":52}},"16":{"start":{"line":91,"column":24},"end":{"line":91,"column":55}},"17":{"start":{"line":94,"column":20},"end":{"line":94,"column":47}},"18":{"start":{"line":98,"column":4},"end":{"line":106,"column":5}},"19":{"start":{"line":99,"column":6},"end":{"line":99,"column":61}},"20":{"start":{"line":101,"column":6},"end":{"line":105,"column":9}},"21":{"start":{"line":109,"column":29},"end":{"line":113,"column":5}},"22":{"start":{"line":116,"column":4},"end":{"line":124,"column":5}},"23":{"start":{"line":117,"column":6},"end":{"line":117,"column":54}},"24":{"start":{"line":118,"column":6},"end":{"line":118,"column":70}},"25":{"start":{"line":119,"column":6},"end":{"line":119,"column":27}},"26":{"start":{"line":120,"column":11},"end":{"line":124,"column":5}},"27":{"start":{"line":121,"column":6},"end":{"line":121,"column":46}},"28":{"start":{"line":123,"column":6},"end":{"line":123,"column":61}},"29":{"start":{"line":127,"column":23},"end":{"line":127,"column":73}},"30":{"start":{"line":130,"column":20},"end":{"line":130,"column":43}},"31":{"start":{"line":132,"column":4},"end":{"line":135,"column":6}},"32":{"start":{"line":137,"column":4},"end":{"line":137,"column":48}},"33":{"start":{"line":138,"column":4},"end":{"line":141,"column":6}},"34":{"start":{"line":146,"column":18},"end":{"line":154,"column":1}},"35":{"start":{"line":161,"column":2},"end":{"line":183,"column":3}},"36":{"start":{"line":162,"column":26},"end":{"line":166,"column":5}},"37":{"start":{"line":168,"column":40},"end":{"line":172,"column":6}},"38":{"start":{"line":174,"column":4},"end":{"line":179,"column":6}},"39":{"start":{"line":181,"column":4},"end":{"line":181,"column":60}},"40":{"start":{"line":182,"column":4},"end":{"line":182,"column":16}},"41":{"start":{"line":191,"column":2},"end":{"line":203,"column":3}},"42":{"start":{"line":192,"column":26},"end":{"line":196,"column":5}},"43":{"start":{"line":197,"column":20},"end":{"line":197,"column":64}},"44":{"start":{"line":198,"column":21},"end":{"line":198,"column":51}},"45":{"start":{"line":199,"column":4},"end":{"line":199,"column":55}},"46":{"start":{"line":201,"column":4},"end":{"line":201,"column":63}},"47":{"start":{"line":202,"column":4},"end":{"line":202,"column":16}},"48":{"start":{"line":212,"column":2},"end":{"line":227,"column":3}},"49":{"start":{"line":213,"column":26},"end":{"line":217,"column":5}},"50":{"start":{"line":218,"column":22},"end":{"line":221,"column":5}},"51":{"start":{"line":222,"column":21},"end":{"line":222,"column":51}},"52":{"start":{"line":223,"column":4},"end":{"line":223,"column":57}},"53":{"start":{"line":225,"column":4},"end":{"line":225,"column":61}},"54":{"start":{"line":226,"column":4},"end":{"line":226,"column":16}},"55":{"start":{"line":238,"column":2},"end":{"line":268,"column":3}},"56":{"start":{"line":239,"column":21},"end":{"line":239,"column":65}},"57":{"start":{"line":240,"column":28},"end":{"line":240,"column":52}},"58":{"start":{"line":241,"column":26},"end":{"line":245,"column":5}},"59":{"start":{"line":248,"column":24},"end":{"line":248,"column":32}},"60":{"start":{"line":249,"column":4},"end":{"line":251,"column":5}},"61":{"start":{"line":250,"column":6},"end":{"line":250,"column":53}},"62":{"start":{"line":253,"column":24},"end":{"line":253,"column":70}},"63":{"start":{"line":255,"column":15},"end":{"line":255,"column":71}},"64":{"start":{"line":256,"column":20},"end":{"line":256,"column":35}},"65":{"start":{"line":258,"column":4},"end":{"line":261,"column":6}},"66":{"start":{"line":263,"column":4},"end":{"line":263,"column":51}},"67":{"start":{"line":264,"column":4},"end":{"line":267,"column":6}},"68":{"start":{"line":277,"column":2},"end":{"line":333,"column":3}},"69":{"start":{"line":278,"column":21},"end":{"line":278,"column":65}},"70":{"start":{"line":279,"column":28},"end":{"line":279,"column":52}},"71":{"start":{"line":280,"column":26},"end":{"line":284,"column":5}},"72":{"start":{"line":287,"column":24},"end":{"line":287,"column":47}},"73":{"start":{"line":288,"column":4},"end":{"line":290,"column":5}},"74":{"start":{"line":289,"column":6},"end":{"line":289,"column":53}},"75":{"start":{"line":292,"column":24},"end":{"line":295,"column":5}},"76":{"start":{"line":298,"column":27},"end":{"line":298,"column":29}},"77":{"start":{"line":300,"column":4},"end":{"line":314,"column":5}},"78":{"start":{"line":301,"column":6},"end":{"line":301,"column":48}},"79":{"start":{"line":304,"column":6},"end":{"line":313,"column":7}},"80":{"start":{"line":305,"column":8},"end":{"line":305,"column":58}},"81":{"start":{"line":306,"column":8},"end":{"line":306,"column":74}},"82":{"start":{"line":307,"column":8},"end":{"line":307,"column":27}},"83":{"start":{"line":308,"column":13},"end":{"line":313,"column":7}},"84":{"start":{"line":309,"column":8},"end":{"line":312,"column":10}},"85":{"start":{"line":316,"column":15},"end":{"line":320,"column":5}},"86":{"start":{"line":321,"column":20},"end":{"line":321,"column":35}},"87":{"start":{"line":323,"column":4},"end":{"line":326,"column":6}},"88":{"start":{"line":328,"column":4},"end":{"line":328,"column":51}},"89":{"start":{"line":329,"column":4},"end":{"line":332,"column":6}},"90":{"start":{"line":344,"column":2},"end":{"line":394,"column":3}},"91":{"start":{"line":345,"column":26},"end":{"line":349,"column":5}},"92":{"start":{"line":352,"column":24},"end":{"line":352,"column":32}},"93":{"start":{"line":353,"column":4},"end":{"line":355,"column":5}},"94":{"start":{"line":354,"column":6},"end":{"line":354,"column":53}},"95":{"start":{"line":357,"column":24},"end":{"line":357,"column":70}},"96":{"start":{"line":360,"column":24},"end":{"line":366,"column":5}},"97":{"start":{"line":369,"column":20},"end":{"line":369,"column":47}},"98":{"start":{"line":372,"column":4},"end":{"line":390,"column":5}},"99":{"start":{"line":373,"column":25},"end":{"line":373,"column":62}},"100":{"start":{"line":374,"column":6},"end":{"line":380,"column":8}},"101":{"start":{"line":381,"column":11},"end":{"line":390,"column":5}},"102":{"start":{"line":382,"column":25},"end":{"line":382,"column":58}},"103":{"start":{"line":383,"column":6},"end":{"line":387,"column":8}},"104":{"start":{"line":389,"column":6},"end":{"line":389,"column":61}},"105":{"start":{"line":392,"column":4},"end":{"line":392,"column":57}},"106":{"start":{"line":393,"column":4},"end":{"line":393,"column":16}}},"fnMap":{"0":{"name":"estimateGasForTransaction","decl":{"start":{"line":31,"column":22},"end":{"line":31,"column":47}},"loc":{"start":{"line":36,"column":24},"end":{"line":74,"column":1}},"line":36},"1":{"name":"sendNativeTransaction","decl":{"start":{"line":76,"column":22},"end":{"line":76,"column":43}},"loc":{"start":{"line":82,"column":30},"end":{"line":143,"column":1}},"line":82},"2":{"name":"getERC20TokenInfo","decl":{"start":{"line":156,"column":22},"end":{"line":156,"column":39}},"loc":{"start":{"line":160,"column":27},"end":{"line":184,"column":1}},"line":160},"3":{"name":"getERC20TokenBalance","decl":{"start":{"line":186,"column":22},"end":{"line":186,"column":42}},"loc":{"start":{"line":190,"column":19},"end":{"line":204,"column":1}},"line":190},"4":{"name":"checkERC20Allowance","decl":{"start":{"line":206,"column":22},"end":{"line":206,"column":41}},"loc":{"start":{"line":211,"column":19},"end":{"line":228,"column":1}},"line":211},"5":{"name":"approveERC20Token","decl":{"start":{"line":230,"column":22},"end":{"line":230,"column":39}},"loc":{"start":{"line":237,"column":30},"end":{"line":269,"column":1}},"line":237},"6":{"name":"sendERC20Transaction","decl":{"start":{"line":271,"column":22},"end":{"line":271,"column":42}},"loc":{"start":{"line":276,"column":30},"end":{"line":334,"column":1}},"line":276},"7":{"name":"estimateGasForERC20Transfer","decl":{"start":{"line":336,"column":22},"end":{"line":336,"column":49}},"loc":{"start":{"line":343,"column":24},"end":{"line":395,"column":1}},"line":343}},"branchMap":{"0":{"loc":{"start":{"line":51,"column":4},"end":{"line":69,"column":5}},"type":"if","locations":[{"start":{"line":51,"column":4},"end":{"line":69,"column":5}},{"start":{"line":60,"column":11},"end":{"line":69,"column":5}}],"line":51},"1":{"loc":{"start":{"line":51,"column":8},"end":{"line":51,"column":60}},"type":"binary-expr","locations":[{"start":{"line":51,"column":8},"end":{"line":51,"column":28}},{"start":{"line":51,"column":32},"end":{"line":51,"column":60}}],"line":51},"2":{"loc":{"start":{"line":60,"column":11},"end":{"line":69,"column":5}},"type":"if","locations":[{"start":{"line":60,"column":11},"end":{"line":69,"column":5}},{"start":{"line":67,"column":11},"end":{"line":69,"column":5}}],"line":60},"3":{"loc":{"start":{"line":98,"column":4},"end":{"line":106,"column":5}},"type":"if","locations":[{"start":{"line":98,"column":4},"end":{"line":106,"column":5}},{"start":{"line":100,"column":11},"end":{"line":106,"column":5}}],"line":98},"4":{"loc":{"start":{"line":116,"column":4},"end":{"line":124,"column":5}},"type":"if","locations":[{"start":{"line":116,"column":4},"end":{"line":124,"column":5}},{"start":{"line":120,"column":11},"end":{"line":124,"column":5}}],"line":116},"5":{"loc":{"start":{"line":116,"column":8},"end":{"line":116,"column":60}},"type":"binary-expr","locations":[{"start":{"line":116,"column":8},"end":{"line":116,"column":28}},{"start":{"line":116,"column":32},"end":{"line":116,"column":60}}],"line":116},"6":{"loc":{"start":{"line":120,"column":11},"end":{"line":124,"column":5}},"type":"if","locations":[{"start":{"line":120,"column":11},"end":{"line":124,"column":5}},{"start":{"line":122,"column":11},"end":{"line":124,"column":5}}],"line":120},"7":{"loc":{"start":{"line":134,"column":12},"end":{"line":134,"column":55}},"type":"binary-expr","locations":[{"start":{"line":134,"column":12},"end":{"line":134,"column":36}},{"start":{"line":134,"column":40},"end":{"line":134,"column":55}}],"line":134},"8":{"loc":{"start":{"line":140,"column":13},"end":{"line":140,"column":78}},"type":"cond-expr","locations":[{"start":{"line":140,"column":38},"end":{"line":140,"column":51}},{"start":{"line":140,"column":54},"end":{"line":140,"column":78}}],"line":140},"9":{"loc":{"start":{"line":249,"column":4},"end":{"line":251,"column":5}},"type":"if","locations":[{"start":{"line":249,"column":4},"end":{"line":251,"column":5}},{"start":{},"end":{}}],"line":249},"10":{"loc":{"start":{"line":260,"column":12},"end":{"line":260,"column":47}},"type":"binary-expr","locations":[{"start":{"line":260,"column":12},"end":{"line":260,"column":36}},{"start":{"line":260,"column":40},"end":{"line":260,"column":47}}],"line":260},"11":{"loc":{"start":{"line":266,"column":13},"end":{"line":266,"column":78}},"type":"cond-expr","locations":[{"start":{"line":266,"column":38},"end":{"line":266,"column":51}},{"start":{"line":266,"column":54},"end":{"line":266,"column":78}}],"line":266},"12":{"loc":{"start":{"line":288,"column":4},"end":{"line":290,"column":5}},"type":"if","locations":[{"start":{"line":288,"column":4},"end":{"line":290,"column":5}},{"start":{},"end":{}}],"line":288},"13":{"loc":{"start":{"line":300,"column":4},"end":{"line":314,"column":5}},"type":"if","locations":[{"start":{"line":300,"column":4},"end":{"line":314,"column":5}},{"start":{},"end":{}}],"line":300},"14":{"loc":{"start":{"line":304,"column":6},"end":{"line":313,"column":7}},"type":"if","locations":[{"start":{"line":304,"column":6},"end":{"line":313,"column":7}},{"start":{"line":308,"column":13},"end":{"line":313,"column":7}}],"line":304},"15":{"loc":{"start":{"line":304,"column":10},"end":{"line":304,"column":70}},"type":"binary-expr","locations":[{"start":{"line":304,"column":10},"end":{"line":304,"column":34}},{"start":{"line":304,"column":38},"end":{"line":304,"column":70}}],"line":304},"16":{"loc":{"start":{"line":308,"column":13},"end":{"line":313,"column":7}},"type":"if","locations":[{"start":{"line":308,"column":13},"end":{"line":313,"column":7}},{"start":{},"end":{}}],"line":308},"17":{"loc":{"start":{"line":325,"column":12},"end":{"line":325,"column":47}},"type":"binary-expr","locations":[{"start":{"line":325,"column":12},"end":{"line":325,"column":36}},{"start":{"line":325,"column":40},"end":{"line":325,"column":47}}],"line":325},"18":{"loc":{"start":{"line":331,"column":13},"end":{"line":331,"column":78}},"type":"cond-expr","locations":[{"start":{"line":331,"column":38},"end":{"line":331,"column":51}},{"start":{"line":331,"column":54},"end":{"line":331,"column":78}}],"line":331},"19":{"loc":{"start":{"line":353,"column":4},"end":{"line":355,"column":5}},"type":"if","locations":[{"start":{"line":353,"column":4},"end":{"line":355,"column":5}},{"start":{},"end":{}}],"line":353},"20":{"loc":{"start":{"line":372,"column":4},"end":{"line":390,"column":5}},"type":"if","locations":[{"start":{"line":372,"column":4},"end":{"line":390,"column":5}},{"start":{"line":381,"column":11},"end":{"line":390,"column":5}}],"line":372},"21":{"loc":{"start":{"line":372,"column":8},"end":{"line":372,"column":60}},"type":"binary-expr","locations":[{"start":{"line":372,"column":8},"end":{"line":372,"column":28}},{"start":{"line":372,"column":32},"end":{"line":372,"column":60}}],"line":372},"22":{"loc":{"start":{"line":381,"column":11},"end":{"line":390,"column":5}},"type":"if","locations":[{"start":{"line":381,"column":11},"end":{"line":390,"column":5}},{"start":{"line":388,"column":11},"end":{"line":390,"column":5}}],"line":381}},"s":{"0":0,"1":0,"2":0,"3":0,"4":0,"5":0,"6":0,"7":0,"8":0,"9":0,"10":0,"11":0,"12":0,"13":0,"14":0,"15":0,"16":0,"17":0,"18":0,"19":0,"20":0,"21":0,"22":0,"23":0,"24":0,"25":0,"26":0,"27":0,"28":0,"29":0,"30":0,"31":0,"32":0,"33":0,"34":0,"35":0,"36":0,"37":0,"38":0,"39":0,"40":0,"41":0,"42":0,"43":0,"44":0,"45":0,"46":0,"47":0,"48":0,"49":0,"50":0,"51":0,"52":0,"53":0,"54":0,"55":0,"56":0,"57":0,"58":0,"59":0,"60":0,"61":0,"62":0,"63":0,"64":0,"65":0,"66":0,"67":0,"68":0,"69":0,"70":0,"71":0,"72":0,"73":0,"74":0,"75":0,"76":0,"77":0,"78":0,"79":0,"80":0,"81":0,"82":0,"83":0,"84":0,"85":0,"86":0,"87":0,"88":0,"89":0,"90":0,"91":0,"92":0,"93":0,"94":0,"95":0,"96":0,"97":0,"98":0,"99":0,"100":0,"101":0,"102":0,"103":0,"104":0,"105":0,"106":0},"f":{"0":0,"1":0,"2":0,"3":0,"4":0,"5":0,"6":0,"7":0},"b":{"0":[0,0],"1":[0,0],"2":[0,0],"3":[0,0],"4":[0,0],"5":[0,0],"6":[0,0],"7":[0,0],"8":[0,0],"9":[0,0],"10":[0,0],"11":[0,0],"12":[0,0],"13":[0,0],"14":[0,0],"15":[0,0],"16":[0,0],"17":[0,0],"18":[0,0],"19":[0,0],"20":[0,0],"21":[0,0],"22":[0,0]}}
}
