TN:
SF:App.tsx
FN:35,App
FN:49,(anonymous_1)
FN:66,(anonymous_2)
FN:87,(anonymous_3)
FN:91,(anonymous_4)
FN:105,(anonymous_5)
FN:110,(anonymous_6)
FN:173,(anonymous_7)
FN:187,(anonymous_8)
FN:210,(anonymous_9)
FN:212,(anonymous_10)
FN:219,(anonymous_11)
FN:226,(anonymous_12)
FN:229,(anonymous_13)
FN:235,(anonymous_14)
FN:242,(anonymous_15)
FN:248,(anonymous_16)
FN:256,(anonymous_17)
FN:266,(anonymous_18)
FN:272,(anonymous_19)
FN:278,(anonymous_20)
FNF:21
FNH:0
FNDA:0,App
FNDA:0,(anonymous_1)
FNDA:0,(anonymous_2)
FNDA:0,(anonymous_3)
FNDA:0,(anonymous_4)
FNDA:0,(anonymous_5)
FNDA:0,(anonymous_6)
FNDA:0,(anonymous_7)
FNDA:0,(anonymous_8)
FNDA:0,(anonymous_9)
FNDA:0,(anonymous_10)
FNDA:0,(anonymous_11)
FNDA:0,(anonymous_12)
FNDA:0,(anonymous_13)
FNDA:0,(anonymous_14)
FNDA:0,(anonymous_15)
FNDA:0,(anonymous_16)
FNDA:0,(anonymous_17)
FNDA:0,(anonymous_18)
FNDA:0,(anonymous_19)
FNDA:0,(anonymous_20)
DA:33,0
DA:36,0
DA:37,0
DA:38,0
DA:39,0
DA:40,0
DA:46,0
DA:47,0
DA:49,0
DA:53,0
DA:54,0
DA:56,0
DA:58,0
DA:59,0
DA:60,0
DA:62,0
DA:66,0
DA:67,0
DA:68,0
DA:69,0
DA:71,0
DA:74,0
DA:75,0
DA:78,0
DA:81,0
DA:83,0
DA:87,0
DA:88,0
DA:91,0
DA:97,0
DA:105,0
DA:106,0
DA:110,0
DA:114,0
DA:115,0
DA:116,0
DA:119,0
DA:120,0
DA:125,0
DA:126,0
DA:127,0
DA:137,0
DA:138,0
DA:139,0
DA:142,0
DA:149,0
DA:157,0
DA:158,0
DA:160,0
DA:162,0
DA:165,0
DA:166,0
DA:173,0
DA:174,0
DA:175,0
DA:177,0
DA:179,0
DA:180,0
DA:181,0
DA:183,0
DA:187,0
DA:189,0
DA:190,0
DA:191,0
DA:192,0
DA:193,0
DA:194,0
DA:197,0
DA:200,0
DA:210,0
DA:213,0
DA:220,0
DA:227,0
DA:229,0
DA:236,0
DA:242,0
DA:249,0
DA:256,0
DA:267,0
DA:272,0
DA:279,0
LF:81
LH:0
BRDA:114,0,0,0
BRDA:114,0,1,0
BRDA:114,1,0,0
BRDA:114,1,1,0
BRDA:114,1,2,0
BRDA:126,2,0,0
BRDA:126,2,1,0
BRDA:138,3,0,0
BRDA:138,3,1,0
BRDA:157,4,0,0
BRDA:157,4,1,0
BRDA:157,5,0,0
BRDA:157,5,1,0
BRDA:162,6,0,0
BRDA:162,6,1,0
BRDA:168,7,0,0
BRDA:168,7,1,0
BRDA:174,8,0,0
BRDA:174,8,1,0
BRDA:175,9,0,0
BRDA:175,9,1,0
BRDA:236,10,0,0
BRDA:236,10,1,0
BRDA:249,11,0,0
BRDA:249,11,1,0
BRDA:258,12,0,0
BRDA:258,12,1,0
BRDA:267,13,0,0
BRDA:267,13,1,0
BRDA:269,14,0,0
BRDA:269,14,1,0
BRDA:279,15,0,0
BRDA:279,15,1,0
BRDA:279,16,0,0
BRDA:279,16,1,0
BRDA:279,16,2,0
BRDA:279,16,3,0
BRF:37
BRH:0
end_of_record
TN:
SF:index.ts
FNF:0
FNH:0
DA:8,0
LF:1
LH:0
BRF:0
BRH:0
end_of_record
TN:
SF:types.ts
FNF:0
FNH:0
LF:0
LH:0
BRF:0
BRH:0
end_of_record
TN:
SF:components/AddressInput.tsx
FN:12,AddressInput
FN:18,(anonymous_1)
FN:23,(anonymous_2)
FNF:3
FNH:0
FNDA:0,AddressInput
FNDA:0,(anonymous_1)
FNDA:0,(anonymous_2)
DA:18,0
DA:19,0
DA:23,0
DA:24,0
DA:27,0
DA:40,0
LF:6
LH:0
BRF:0
BRH:0
end_of_record
TN:
SF:components/AppHeader.tsx
FN:17,AppHeader
FN:31,(anonymous_1)
FNF:2
FNH:0
FNDA:0,AppHeader
FNDA:0,(anonymous_1)
DA:23,0
DA:24,0
DA:26,0
DA:31,0
DA:45,0
LF:5
LH:0
BRDA:18,0,0,0
BRDA:19,1,0,0
BRDA:20,2,0,0
BRDA:29,3,0,0
BRDA:29,3,1,0
BRDA:38,4,0,0
BRDA:38,4,1,0
BRDA:38,4,2,0
BRF:8
BRH:0
end_of_record
TN:
SF:components/BackButton.tsx
FN:11,BackButton
FNF:1
FNH:0
FNDA:0,BackButton
DA:16,0
DA:18,0
DA:37,0
LF:3
LH:0
BRDA:14,0,0,0
BRDA:20,1,0,0
BRDA:20,1,1,0
BRDA:21,2,0,0
BRDA:21,2,1,0
BRDA:22,3,0,0
BRDA:22,3,1,0
BRDA:28,4,0,0
BRDA:28,4,1,0
BRF:9
BRH:0
end_of_record
TN:
SF:components/Button.tsx
FN:18,Button
FN:30,(anonymous_1)
FN:67,(anonymous_2)
FNF:3
FNH:0
FNDA:0,Button
FNDA:0,(anonymous_1)
FNDA:0,(anonymous_2)
DA:28,0
DA:30,0
DA:31,0
DA:45,0
DA:47,0
DA:52,0
DA:58,0
DA:63,0
DA:67,0
DA:68,0
DA:74,0
DA:76,0
DA:81,0
DA:86,0
DA:91,0
DA:95,0
DA:97,0
LF:17
LH:0
BRDA:21,0,0,0
BRDA:22,1,0,0
BRDA:25,2,0,0
BRDA:26,3,0,0
BRDA:32,4,0,0
BRDA:32,4,1,0
BRDA:33,5,0,0
BRDA:33,5,1,0
BRDA:45,6,0,0
BRDA:45,6,1,0
BRDA:45,6,2,0
BRDA:45,6,3,0
BRDA:49,7,0,0
BRDA:49,7,1,0
BRDA:74,8,0,0
BRDA:74,8,1,0
BRDA:74,8,2,0
BRDA:74,8,3,0
BRDA:95,9,0,0
BRDA:95,9,1,0
BRF:20
BRH:0
end_of_record
TN:
SF:components/ChainSelectorGroup.tsx
FN:19,ChainSelectorGroup
FN:25,(anonymous_1)
FN:40,(anonymous_2)
FN:41,(anonymous_3)
FN:72,(anonymous_4)
FN:73,(anonymous_5)
FN:80,(anonymous_6)
FN:85,(anonymous_7)
FN:86,(anonymous_8)
FN:99,ChainPill
FNF:10
FNH:0
FNDA:0,ChainSelectorGroup
FNDA:0,(anonymous_1)
FNDA:0,(anonymous_2)
FNDA:0,(anonymous_3)
FNDA:0,(anonymous_4)
FNDA:0,(anonymous_5)
FNDA:0,(anonymous_6)
FNDA:0,(anonymous_7)
FNDA:0,(anonymous_8)
FNDA:0,ChainPill
DA:23,0
DA:25,0
DA:26,0
DA:29,0
DA:40,0
DA:42,0
DA:72,0
DA:74,0
DA:81,0
DA:85,0
DA:87,0
DA:110,0
DA:112,0
DA:143,0
LF:14
LH:0
BRDA:119,0,0,0
BRDA:119,0,1,0
BRDA:122,1,0,0
BRDA:122,1,1,0
BRDA:129,2,0,0
BRDA:129,2,1,0
BRDA:133,3,0,0
BRDA:133,3,1,0
BRF:8
BRH:0
end_of_record
TN:
SF:components/ChainTokenIcon.tsx
FN:30,ChainTokenIcon
FN:65,(anonymous_1)
FNF:2
FNH:0
FNDA:0,ChainTokenIcon
FNDA:0,(anonymous_1)
DA:12,0
DA:35,0
DA:37,0
DA:44,0
DA:65,0
DA:67,0
DA:68,0
DA:69,0
DA:73,0
DA:88,0
LF:10
LH:0
BRDA:44,0,0,0
BRDA:44,0,1,0
BRDA:67,1,0,0
BRDA:67,1,1,0
BRF:4
BRH:0
end_of_record
TN:
SF:components/EnterAmountToSend.tsx
FN:53,EnterAmountToSend
FN:79,(anonymous_1)
FN:86,(anonymous_2)
FN:95,(anonymous_3)
FN:102,(anonymous_4)
FN:109,(anonymous_5)
FN:117,(anonymous_6)
FN:160,(anonymous_7)
FN:222,(anonymous_8)
FN:235,(anonymous_9)
FN:240,(anonymous_10)
FN:253,(anonymous_11)
FN:306,(anonymous_12)
FN:307,(anonymous_13)
FN:329,(anonymous_14)
FN:429,(anonymous_15)
FNF:16
FNH:0
FNDA:0,EnterAmountToSend
FNDA:0,(anonymous_1)
FNDA:0,(anonymous_2)
FNDA:0,(anonymous_3)
FNDA:0,(anonymous_4)
FNDA:0,(anonymous_5)
FNDA:0,(anonymous_6)
FNDA:0,(anonymous_7)
FNDA:0,(anonymous_8)
FNDA:0,(anonymous_9)
FNDA:0,(anonymous_10)
FNDA:0,(anonymous_11)
FNDA:0,(anonymous_12)
FNDA:0,(anonymous_13)
FNDA:0,(anonymous_14)
FNDA:0,(anonymous_15)
DA:65,0
DA:66,0
DA:72,0
DA:73,0
DA:74,0
DA:75,0
DA:76,0
DA:77,0
DA:79,0
DA:80,0
DA:81,0
DA:83,0
DA:86,0
DA:87,0
DA:88,0
DA:89,0
DA:91,0
DA:95,0
DA:96,0
DA:97,0
DA:99,0
DA:102,0
DA:103,0
DA:106,0
DA:109,0
DA:112,0
DA:117,0
DA:119,0
DA:120,0
DA:121,0
DA:124,0
DA:126,0
DA:128,0
DA:133,0
DA:136,0
DA:137,0
DA:141,0
DA:144,0
DA:151,0
DA:152,0
DA:156,0
DA:160,0
DA:161,0
DA:164,0
DA:167,0
DA:168,0
DA:169,0
DA:170,0
DA:172,0
DA:173,0
DA:176,0
DA:183,0
DA:187,0
DA:191,0
DA:192,0
DA:203,0
DA:209,0
DA:222,0
DA:225,0
DA:231,0
DA:235,0
DA:237,0
DA:240,0
DA:242,0
DA:245,0
DA:246,0
DA:247,0
DA:250,0
DA:253,0
DA:259,0
DA:262,0
DA:306,0
DA:307,0
DA:329,0
DA:429,0
DA:442,0
LF:76
LH:0
BRDA:81,0,0,0
BRDA:81,0,1,0
BRDA:81,1,0,0
BRDA:81,1,1,0
BRDA:88,2,0,0
BRDA:88,2,1,0
BRDA:88,3,0,0
BRDA:88,3,1,0
BRDA:88,3,2,0
BRDA:97,4,0,0
BRDA:97,4,1,0
BRDA:97,5,0,0
BRDA:97,5,1,0
BRDA:97,5,2,0
BRDA:120,6,0,0
BRDA:120,6,1,0
BRDA:126,7,0,0
BRDA:126,7,1,0
BRDA:126,8,0,0
BRDA:126,8,1,0
BRDA:136,9,0,0
BRDA:136,9,1,0
BRDA:151,10,0,0
BRDA:151,10,1,0
BRDA:161,11,0,0
BRDA:161,11,1,0
BRDA:161,12,0,0
BRDA:161,12,1,0
BRDA:164,13,0,0
BRDA:164,13,1,0
BRDA:164,14,0,0
BRDA:164,14,1,0
BRDA:167,15,0,0
BRDA:167,15,1,0
BRDA:167,16,0,0
BRDA:167,16,1,0
BRDA:172,17,0,0
BRDA:172,17,1,0
BRDA:191,18,0,0
BRDA:191,18,1,0
BRDA:246,19,0,0
BRDA:246,19,1,0
BRDA:264,20,0,0
BRDA:264,20,1,0
BRDA:269,21,0,0
BRDA:269,21,1,0
BRDA:287,22,0,0
BRDA:287,22,1,0
BRDA:289,23,0,0
BRDA:289,23,1,0
BRDA:342,24,0,0
BRDA:342,24,1,0
BRDA:349,25,0,0
BRDA:349,25,1,0
BRDA:351,26,0,0
BRDA:351,26,1,0
BRDA:353,27,0,0
BRDA:353,27,1,0
BRDA:376,28,0,0
BRDA:376,28,1,0
BRDA:397,29,0,0
BRDA:397,29,1,0
BRDA:416,30,0,0
BRDA:416,30,1,0
BRDA:418,31,0,0
BRDA:418,31,1,0
BRDA:418,32,0,0
BRDA:418,32,1,0
BRDA:419,33,0,0
BRDA:419,33,1,0
BRDA:426,34,0,0
BRDA:426,34,1,0
BRF:72
BRH:0
end_of_record
TN:
SF:components/EnterRecipientAddress.tsx
FN:34,EnterRecipientAddress
FN:48,(anonymous_1)
FN:52,(anonymous_2)
FN:63,(anonymous_3)
FN:68,(anonymous_4)
FN:80,(anonymous_5)
FN:83,(anonymous_6)
FN:99,(anonymous_7)
FN:103,(anonymous_8)
FN:107,(anonymous_9)
FN:135,(anonymous_10)
FN:139,(anonymous_11)
FN:143,(anonymous_12)
FN:195,(anonymous_13)
FN:219,(anonymous_14)
FN:220,(anonymous_15)
FN:229,(anonymous_16)
FN:243,(anonymous_17)
FN:261,(anonymous_18)
FNF:19
FNH:0
FNDA:0,EnterRecipientAddress
FNDA:0,(anonymous_1)
FNDA:0,(anonymous_2)
FNDA:0,(anonymous_3)
FNDA:0,(anonymous_4)
FNDA:0,(anonymous_5)
FNDA:0,(anonymous_6)
FNDA:0,(anonymous_7)
FNDA:0,(anonymous_8)
FNDA:0,(anonymous_9)
FNDA:0,(anonymous_10)
FNDA:0,(anonymous_11)
FNDA:0,(anonymous_12)
FNDA:0,(anonymous_13)
FNDA:0,(anonymous_14)
FNDA:0,(anonymous_15)
FNDA:0,(anonymous_16)
FNDA:0,(anonymous_17)
FNDA:0,(anonymous_18)
DA:31,0
DA:32,0
DA:39,0
DA:40,0
DA:41,0
DA:42,0
DA:43,0
DA:44,0
DA:45,0
DA:48,0
DA:49,0
DA:52,0
DA:53,0
DA:54,0
DA:55,0
DA:56,0
DA:59,0
DA:63,0
DA:64,0
DA:65,0
DA:66,0
DA:68,0
DA:70,0
DA:71,0
DA:76,0
DA:80,0
DA:81,0
DA:82,0
DA:83,0
DA:85,0
DA:86,0
DA:87,0
DA:89,0
DA:95,0
DA:99,0
DA:100,0
DA:103,0
DA:104,0
DA:107,0
DA:108,0
DA:110,0
DA:111,0
DA:113,0
DA:114,0
DA:115,0
DA:116,0
DA:120,0
DA:123,0
DA:126,0
DA:129,0
DA:131,0
DA:135,0
DA:136,0
DA:139,0
DA:140,0
DA:141,0
DA:142,0
DA:143,0
DA:144,0
DA:147,0
DA:151,0
DA:195,0
DA:219,0
DA:221,0
DA:229,0
DA:243,0
DA:261,0
DA:303,0
LF:68
LH:0
BRDA:55,0,0,0
BRDA:55,0,1,0
BRDA:86,1,0,0
BRDA:86,1,1,0
BRDA:108,2,0,0
BRDA:108,2,1,0
BRDA:108,3,0,0
BRDA:108,3,1,0
BRDA:115,4,0,0
BRDA:115,4,1,0
BRDA:153,5,0,0
BRDA:153,5,1,0
BRDA:158,6,0,0
BRDA:158,6,1,0
BRDA:177,7,0,0
BRDA:177,7,1,0
BRDA:209,8,0,0
BRDA:209,8,1,0
BRDA:216,9,0,0
BRDA:216,9,1,0
BRDA:247,10,0,0
BRDA:247,10,1,0
BRDA:253,11,0,0
BRDA:253,11,1,0
BRDA:293,12,0,0
BRDA:293,12,1,0
BRF:26
BRH:0
end_of_record
TN:
SF:components/EnterRecoveryPhrase.tsx
FN:16,EnterRecoveryPhrase
FN:24,(anonymous_1)
FN:40,(anonymous_2)
FNF:3
FNH:0
FNDA:0,EnterRecoveryPhrase
FNDA:0,(anonymous_1)
FNDA:0,(anonymous_2)
DA:19,0
DA:20,0
DA:21,0
DA:22,0
DA:24,0
DA:25,0
DA:27,0
DA:28,0
DA:29,0
DA:32,0
DA:33,0
DA:34,0
DA:36,0
DA:40,0
DA:41,0
DA:42,0
DA:43,0
DA:46,0
DA:50,0
DA:106,0
LF:20
LH:0
BRDA:27,0,0,0
BRDA:27,0,1,0
BRDA:41,1,0,0
BRDA:41,1,1,0
BRDA:41,2,0,0
BRDA:41,2,1,0
BRDA:97,3,0,0
BRDA:97,3,1,0
BRF:8
BRH:0
end_of_record
TN:
SF:components/EnterWatchAddress.tsx
FN:35,EnterWatchAddress
FN:47,(anonymous_1)
FN:51,(anonymous_2)
FN:62,(anonymous_3)
FN:67,(anonymous_4)
FN:79,(anonymous_5)
FN:82,(anonymous_6)
FN:98,(anonymous_7)
FN:102,(anonymous_8)
FN:106,(anonymous_9)
FN:134,(anonymous_10)
FN:138,(anonymous_11)
FN:142,(anonymous_12)
FN:191,(anonymous_13)
FN:215,(anonymous_14)
FN:216,(anonymous_15)
FN:225,(anonymous_16)
FN:239,(anonymous_17)
FN:257,(anonymous_18)
FNF:19
FNH:0
FNDA:0,EnterWatchAddress
FNDA:0,(anonymous_1)
FNDA:0,(anonymous_2)
FNDA:0,(anonymous_3)
FNDA:0,(anonymous_4)
FNDA:0,(anonymous_5)
FNDA:0,(anonymous_6)
FNDA:0,(anonymous_7)
FNDA:0,(anonymous_8)
FNDA:0,(anonymous_9)
FNDA:0,(anonymous_10)
FNDA:0,(anonymous_11)
FNDA:0,(anonymous_12)
FNDA:0,(anonymous_13)
FNDA:0,(anonymous_14)
FNDA:0,(anonymous_15)
FNDA:0,(anonymous_16)
FNDA:0,(anonymous_17)
FNDA:0,(anonymous_18)
DA:32,0
DA:33,0
DA:38,0
DA:39,0
DA:40,0
DA:41,0
DA:42,0
DA:43,0
DA:44,0
DA:47,0
DA:48,0
DA:51,0
DA:52,0
DA:53,0
DA:54,0
DA:55,0
DA:58,0
DA:62,0
DA:63,0
DA:64,0
DA:65,0
DA:67,0
DA:69,0
DA:70,0
DA:75,0
DA:79,0
DA:80,0
DA:81,0
DA:82,0
DA:84,0
DA:85,0
DA:86,0
DA:88,0
DA:94,0
DA:98,0
DA:99,0
DA:102,0
DA:103,0
DA:106,0
DA:107,0
DA:109,0
DA:110,0
DA:112,0
DA:114,0
DA:115,0
DA:116,0
DA:120,0
DA:123,0
DA:124,0
DA:125,0
DA:128,0
DA:130,0
DA:134,0
DA:135,0
DA:138,0
DA:139,0
DA:140,0
DA:141,0
DA:142,0
DA:143,0
DA:146,0
DA:150,0
DA:191,0
DA:215,0
DA:217,0
DA:225,0
DA:239,0
DA:257,0
DA:299,0
LF:69
LH:0
BRDA:54,0,0,0
BRDA:54,0,1,0
BRDA:85,1,0,0
BRDA:85,1,1,0
BRDA:107,2,0,0
BRDA:107,2,1,0
BRDA:107,3,0,0
BRDA:107,3,1,0
BRDA:115,4,0,0
BRDA:115,4,1,0
BRDA:154,5,0,0
BRDA:154,5,1,0
BRDA:173,6,0,0
BRDA:173,6,1,0
BRDA:205,7,0,0
BRDA:205,7,1,0
BRDA:212,8,0,0
BRDA:212,8,1,0
BRDA:243,9,0,0
BRDA:243,9,1,0
BRDA:249,10,0,0
BRDA:249,10,1,0
BRDA:289,11,0,0
BRDA:289,11,1,0
BRF:24
BRH:0
end_of_record
TN:
SF:components/EthIcon.tsx
FN:39,EthIcon
FNF:1
FNH:0
FNDA:0,EthIcon
DA:13,1
DA:32,1
DA:40,0
DA:42,0
DA:49,0
LF:5
LH:2
BRDA:39,0,0,0
BRF:1
BRH:0
end_of_record
TN:
SF:components/Header.tsx
FN:22,Header
FNF:1
FNH:0
FNDA:0,Header
DA:14,0
DA:23,0
DA:26,0
DA:32,0
DA:33,0
DA:40,0
DA:43,0
LF:7
LH:0
BRDA:23,0,0,0
BRDA:23,0,1,0
BRDA:32,1,0,0
BRDA:32,1,1,0
BRF:4
BRH:0
end_of_record
TN:
SF:components/HeaderIcon.tsx
FN:44,HeaderIcon
FNF:1
FNH:0
FNDA:0,HeaderIcon
DA:18,0
DA:37,0
DA:51,0
DA:52,0
DA:54,0
DA:62,0
DA:68,0
LF:7
LH:0
BRDA:46,0,0,0
BRDA:47,1,0,0
BRDA:58,2,0,0
BRDA:58,2,1,0
BRDA:62,3,0,0
BRDA:62,3,1,0
BRDA:64,4,0,0
BRDA:64,4,1,0
BRF:8
BRH:0
end_of_record
TN:
SF:components/Input.tsx
FN:21,Input
FN:83,(anonymous_1)
FN:84,(anonymous_2)
FNF:3
FNH:0
FNDA:0,Input
FNDA:0,(anonymous_1)
FNDA:0,(anonymous_2)
DA:39,0
DA:40,0
DA:42,0
DA:44,0
DA:55,0
DA:68,0
DA:83,0
DA:84,0
DA:109,0
LF:9
LH:0
BRDA:27,0,0,0
BRDA:30,1,0,0
BRDA:34,2,0,0
BRDA:35,3,0,0
BRDA:36,4,0,0
BRDA:37,5,0,0
BRDA:42,6,0,0
BRDA:42,6,1,0
BRDA:47,7,0,0
BRDA:47,7,1,0
BRDA:49,8,0,0
BRDA:49,8,1,0
BRDA:60,9,0,0
BRDA:60,9,1,0
BRDA:61,10,0,0
BRDA:61,10,1,0
BRDA:62,11,0,0
BRDA:62,11,1,0
BRDA:98,12,0,0
BRDA:98,12,1,0
BRDA:99,13,0,0
BRDA:99,13,1,0
BRDA:103,14,0,0
BRDA:103,14,1,0
BRF:24
BRH:0
end_of_record
TN:
SF:components/Landing.tsx
FN:10,Landing
FN:52,(anonymous_1)
FN:59,(anonymous_2)
FNF:3
FNH:0
FNDA:0,Landing
FNDA:0,(anonymous_1)
FNDA:0,(anonymous_2)
DA:11,0
DA:12,0
DA:14,0
DA:52,0
DA:59,0
DA:70,0
LF:6
LH:0
BRF:0
BRH:0
end_of_record
TN:
SF:components/LogoutButton.tsx
FN:10,LogoutButton
FNF:1
FNH:0
FNDA:0,LogoutButton
DA:11,0
DA:13,0
LF:2
LH:0
BRF:0
BRH:0
end_of_record
TN:
SF:components/Portfolio.tsx
FN:43,Portfolio
FN:58,(anonymous_1)
FN:68,(anonymous_2)
FN:72,(anonymous_3)
FN:80,(anonymous_4)
FN:83,(anonymous_5)
FN:100,(anonymous_6)
FN:118,(anonymous_7)
FN:128,(anonymous_8)
FN:130,(anonymous_9)
FN:160,(anonymous_10)
FN:185,(anonymous_11)
FN:225,(anonymous_12)
FN:237,(anonymous_13)
FNF:14
FNH:0
FNDA:0,Portfolio
FNDA:0,(anonymous_1)
FNDA:0,(anonymous_2)
FNDA:0,(anonymous_3)
FNDA:0,(anonymous_4)
FNDA:0,(anonymous_5)
FNDA:0,(anonymous_6)
FNDA:0,(anonymous_7)
FNDA:0,(anonymous_8)
FNDA:0,(anonymous_9)
FNDA:0,(anonymous_10)
FNDA:0,(anonymous_11)
FNDA:0,(anonymous_12)
FNDA:0,(anonymous_13)
DA:49,0
DA:50,0
DA:51,0
DA:52,0
DA:53,0
DA:54,0
DA:58,0
DA:59,0
DA:60,0
DA:61,0
DA:65,0
DA:68,0
DA:69,0
DA:70,0
DA:71,0
DA:72,0
DA:73,0
DA:76,0
DA:80,0
DA:83,0
DA:94,0
DA:97,0
DA:98,0
DA:100,0
DA:101,0
DA:102,0
DA:116,0
DA:117,0
DA:118,0
DA:122,0
DA:126,0
DA:128,0
DA:130,0
DA:131,0
DA:132,0
DA:134,0
DA:137,0
DA:138,0
DA:140,0
DA:153,0
DA:155,0
DA:158,0
DA:160,0
DA:161,0
DA:162,0
DA:163,0
DA:164,0
DA:165,0
DA:167,0
DA:184,0
DA:185,0
DA:188,0
DA:191,0
DA:225,0
DA:238,0
DA:269,0
LF:56
LH:0
BRDA:59,0,0,0
BRDA:59,0,1,0
BRDA:97,1,0,0
BRDA:97,1,1,0
BRDA:111,2,0,0
BRDA:111,2,1,0
BRDA:116,3,0,0
BRDA:116,3,1,0
BRDA:118,4,0,0
BRDA:118,4,1,0
BRDA:118,5,0,0
BRDA:118,5,1,0
BRDA:126,6,0,0
BRDA:126,6,1,0
BRDA:132,7,0,0
BRDA:132,7,1,0
BRDA:137,8,0,0
BRDA:137,8,1,0
BRDA:146,9,0,0
BRDA:146,9,1,0
BRDA:149,10,0,0
BRDA:149,10,1,0
BRDA:153,11,0,0
BRDA:153,11,1,0
BRDA:163,12,0,0
BRDA:163,12,1,0
BRDA:164,13,0,0
BRDA:164,13,1,0
BRDA:173,14,0,0
BRDA:173,14,1,0
BRDA:176,15,0,0
BRDA:176,15,1,0
BRDA:184,16,0,0
BRDA:184,16,1,0
BRDA:185,17,0,0
BRDA:185,17,1,0
BRDA:185,18,0,0
BRDA:185,18,1,0
BRDA:193,19,0,0
BRDA:193,19,1,0
BRDA:210,20,0,0
BRDA:210,20,1,0
BRDA:212,21,0,0
BRDA:212,21,1,0
BRDA:231,22,0,0
BRDA:231,22,1,0
BRDA:249,23,0,0
BRDA:249,23,1,0
BRF:48
BRH:0
end_of_record
TN:
SF:components/ScreenWrapper.tsx
FN:14,ScreenWrapper
FNF:1
FNH:0
FNDA:0,ScreenWrapper
DA:21,0
DA:23,0
DA:36,0
LF:3
LH:0
BRDA:16,0,0,0
BRDA:17,1,0,0
BRDA:18,2,0,0
BRF:3
BRH:0
end_of_record
TN:
SF:components/SelectToken.tsx
FN:36,SelectToken
FN:47,(anonymous_1)
FN:51,(anonymous_2)
FN:80,(anonymous_3)
FN:84,(anonymous_4)
FNF:5
FNH:0
FNDA:0,SelectToken
FNDA:0,(anonymous_1)
FNDA:0,(anonymous_2)
FNDA:0,(anonymous_3)
FNDA:0,(anonymous_4)
DA:43,0
DA:44,0
DA:47,0
DA:48,0
DA:51,0
DA:52,0
DA:58,0
DA:61,0
DA:81,0
DA:84,0
DA:101,0
LF:11
LH:0
BRDA:63,0,0,0
BRDA:63,0,1,0
BRF:2
BRH:0
end_of_record
TN:
SF:components/Skeleton.tsx
FN:5,Skeleton
FNF:1
FNH:0
FNDA:0,Skeleton
DA:6,0
DA:8,0
DA:20,0
LF:3
LH:0
BRF:0
BRH:0
end_of_record
TN:
SF:components/ThemeToggle.tsx
FN:10,ThemeToggle
FN:13,(anonymous_1)
FN:18,(anonymous_2)
FNF:3
FNH:0
FNDA:0,ThemeToggle
FNDA:0,(anonymous_1)
FNDA:0,(anonymous_2)
DA:10,0
DA:11,0
DA:13,0
DA:14,0
DA:18,0
DA:19,0
DA:20,0
DA:22,0
DA:26,0
DA:27,0
DA:34,0
LF:11
LH:0
BRDA:14,0,0,0
BRDA:14,0,1,0
BRDA:19,1,0,0
BRDA:19,1,1,0
BRDA:26,2,0,0
BRDA:26,2,1,0
BRF:6
BRH:0
end_of_record
TN:
SF:components/TokenBalance.tsx
FN:18,TokenBalance
FN:31,(anonymous_1)
FN:55,(anonymous_2)
FNF:3
FNH:0
FNDA:0,TokenBalance
FNDA:0,(anonymous_1)
FNDA:0,(anonymous_2)
DA:24,0
DA:26,0
DA:29,0
DA:31,0
DA:33,0
DA:34,0
DA:44,0
DA:45,0
DA:46,0
DA:50,0
DA:55,0
DA:56,0
DA:57,0
DA:60,0
DA:61,0
DA:68,0
DA:69,0
DA:70,0
DA:72,0
DA:93,0
DA:95,0
DA:115,0
LF:22
LH:0
BRDA:33,0,0,0
BRDA:33,0,1,0
BRDA:44,1,0,0
BRDA:44,1,1,0
BRDA:56,2,0,0
BRDA:56,2,1,0
BRDA:60,3,0,0
BRDA:60,3,1,0
BRDA:70,4,0,0
BRDA:70,4,1,0
BRDA:78,5,0,0
BRDA:78,5,1,0
BRDA:84,6,0,0
BRDA:84,6,1,0
BRDA:84,6,2,0
BRDA:103,7,0,0
BRDA:103,7,1,0
BRF:17
BRH:0
end_of_record
TN:
SF:components/TokenSelectionModal.tsx
FN:36,TokenSelectionModal
FN:47,(anonymous_1)
FN:54,(anonymous_2)
FN:58,(anonymous_3)
FN:63,(anonymous_4)
FN:97,(anonymous_5)
FN:120,(anonymous_6)
FN:132,(anonymous_7)
FNF:8
FNH:0
FNDA:0,TokenSelectionModal
FNDA:0,(anonymous_1)
FNDA:0,(anonymous_2)
FNDA:0,(anonymous_3)
FNDA:0,(anonymous_4)
FNDA:0,(anonymous_5)
FNDA:0,(anonymous_6)
FNDA:0,(anonymous_7)
DA:43,0
DA:44,0
DA:47,0
DA:48,0
DA:49,0
DA:54,0
DA:55,0
DA:58,0
DA:59,0
DA:60,0
DA:63,0
DA:64,0
DA:71,0
DA:97,0
DA:121,0
DA:132,0
DA:169,0
LF:17
LH:0
BRDA:48,0,0,0
BRDA:48,0,1,0
BRDA:65,1,0,0
BRDA:65,1,1,0
BRDA:65,1,2,0
BRDA:83,2,0,0
BRDA:83,2,1,0
BRDA:125,3,0,0
BRDA:125,3,1,0
BRDA:127,4,0,0
BRDA:127,4,1,0
BRDA:143,5,0,0
BRDA:143,5,1,0
BRF:13
BRH:0
end_of_record
TN:
SF:components/TransactionConfirmation.tsx
FN:22,TransactionConfirmation
FN:33,(anonymous_1)
FN:37,(anonymous_2)
FNF:3
FNH:0
FNDA:0,TransactionConfirmation
FNDA:0,(anonymous_1)
FNDA:0,(anonymous_2)
DA:30,0
DA:31,0
DA:33,0
DA:34,0
DA:37,0
DA:38,0
DA:41,0
DA:130,0
LF:8
LH:0
BRF:0
BRH:0
end_of_record
TN:
SF:components/TransactionModal.tsx
FN:29,TransactionModal
FN:38,(anonymous_1)
FN:59,(anonymous_2)
FN:74,(anonymous_3)
FN:371,(anonymous_4)
FNF:5
FNH:0
FNDA:0,TransactionModal
FNDA:0,(anonymous_1)
FNDA:0,(anonymous_2)
FNDA:0,(anonymous_3)
FNDA:0,(anonymous_4)
DA:27,0
DA:36,0
DA:38,0
DA:39,0
DA:41,0
DA:45,0
DA:47,0
DA:51,0
DA:55,0
DA:59,0
DA:60,0
DA:62,0
DA:64,0
DA:66,0
DA:68,0
DA:70,0
DA:74,0
DA:75,0
DA:77,0
DA:79,0
DA:81,0
DA:83,0
DA:85,0
DA:89,0
DA:372,0
DA:373,0
DA:395,0
LF:27
LH:0
BRDA:39,0,0,0
BRDA:39,0,1,0
BRDA:39,0,2,0
BRDA:39,0,3,0
BRDA:39,0,4,0
BRDA:60,1,0,0
BRDA:60,1,1,0
BRDA:60,1,2,0
BRDA:60,1,3,0
BRDA:60,1,4,0
BRDA:75,2,0,0
BRDA:75,2,1,0
BRDA:75,2,2,0
BRDA:75,2,3,0
BRDA:75,2,4,0
BRDA:138,3,0,0
BRDA:138,3,1,0
BRDA:138,3,2,0
BRDA:154,4,0,0
BRDA:154,4,1,0
BRDA:174,5,0,0
BRDA:174,5,1,0
BRDA:194,6,0,0
BRDA:194,6,1,0
BRDA:211,7,0,0
BRDA:211,7,1,0
BRDA:215,8,0,0
BRDA:215,8,1,0
BRDA:238,9,0,0
BRDA:238,9,1,0
BRDA:254,10,0,0
BRDA:254,10,1,0
BRDA:260,11,0,0
BRDA:260,11,1,0
BRDA:280,12,0,0
BRDA:280,12,1,0
BRDA:300,13,0,0
BRDA:300,13,1,0
BRDA:320,14,0,0
BRDA:320,14,1,0
BRDA:341,15,0,0
BRDA:341,15,1,0
BRDA:365,16,0,0
BRDA:365,16,1,0
BRDA:372,17,0,0
BRDA:372,17,1,0
BRF:46
BRH:0
end_of_record
TN:
SF:components/TransactionModalWrapper.tsx
FN:5,TransactionModalWrapper
FNF:1
FNH:0
FNDA:0,TransactionModalWrapper
DA:12,0
DA:14,0
LF:2
LH:0
BRF:0
BRH:0
end_of_record
TN:
SF:components/types.ts
FNF:0
FNH:0
LF:0
LH:0
BRF:0
BRH:0
end_of_record
TN:
SF:config/chain.ts
FN:31,(anonymous_0)
FN:39,(anonymous_1)
FN:47,(anonymous_2)
FN:53,(anonymous_3)
FN:57,(anonymous_4)
FN:62,(anonymous_5)
FN:67,(anonymous_6)
FN:72,(anonymous_7)
FNF:8
FNH:0
FNDA:0,(anonymous_0)
FNDA:0,(anonymous_1)
FNDA:0,(anonymous_2)
FNDA:0,(anonymous_3)
FNDA:0,(anonymous_4)
FNDA:0,(anonymous_5)
FNDA:0,(anonymous_6)
FNDA:0,(anonymous_7)
DA:31,1
DA:35,0
DA:36,0
DA:39,1
DA:43,0
DA:44,0
DA:47,0
DA:53,1
DA:54,0
DA:55,0
DA:57,0
DA:62,1
DA:63,0
DA:67,1
DA:71,0
DA:72,0
DA:74,0
DA:106,1
DA:334,1
DA:343,1
LF:20
LH:8
BRDA:45,0,0,0
BRDA:45,0,1,0
BRDA:74,1,0,0
BRDA:74,1,1,0
BRF:4
BRH:0
end_of_record
TN:
SF:context/PriceContext.tsx
FN:52,PriceProvider
FN:60,(anonymous_1)
FN:61,(anonymous_2)
FN:79,(anonymous_3)
FN:98,(anonymous_4)
FN:107,(anonymous_5)
FN:112,(anonymous_6)
FN:119,(anonymous_7)
FN:126,(anonymous_8)
FN:136,(anonymous_9)
FN:141,(anonymous_10)
FN:147,(anonymous_11)
FN:166,usePrice
FNF:13
FNH:0
FNDA:0,PriceProvider
FNDA:0,(anonymous_1)
FNDA:0,(anonymous_2)
FNDA:0,(anonymous_3)
FNDA:0,(anonymous_4)
FNDA:0,(anonymous_5)
FNDA:0,(anonymous_6)
FNDA:0,(anonymous_7)
FNDA:0,(anonymous_8)
FNDA:0,(anonymous_9)
FNDA:0,(anonymous_10)
FNDA:0,(anonymous_11)
FNDA:0,usePrice
DA:36,0
DA:39,0
DA:50,0
DA:53,0
DA:60,0
DA:61,0
DA:63,0
DA:64,0
DA:65,0
DA:69,0
DA:70,0
DA:73,0
DA:74,0
DA:77,0
DA:79,0
DA:80,0
DA:81,0
DA:82,0
DA:90,0
DA:97,0
DA:98,0
DA:107,0
DA:108,0
DA:109,0
DA:112,0
DA:113,0
DA:114,0
DA:116,0
DA:119,0
DA:120,0
DA:121,0
DA:123,0
DA:126,0
DA:130,0
DA:131,0
DA:133,0
DA:136,0
DA:137,0
DA:141,0
DA:142,0
DA:145,0
DA:147,0
DA:150,0
DA:167,0
DA:168,0
DA:169,0
DA:171,0
LF:47
LH:0
BRDA:69,0,0,0
BRDA:69,0,1,0
BRDA:81,1,0,0
BRDA:81,1,1,0
BRDA:81,2,0,0
BRDA:81,2,1,0
BRDA:102,3,0,0
BRDA:102,3,1,0
BRDA:109,4,0,0
BRDA:109,4,1,0
BRDA:114,5,0,0
BRDA:114,5,1,0
BRDA:121,6,0,0
BRDA:121,6,1,0
BRDA:131,7,0,0
BRDA:131,7,1,0
BRDA:168,8,0,0
BRDA:168,8,1,0
BRF:18
BRH:0
end_of_record
TN:
SF:context/TransactionContext.tsx
FN:30,TransactionProvider
FN:39,(anonymous_1)
FN:48,(anonymous_2)
FN:51,(anonymous_3)
FN:58,(anonymous_4)
FN:67,(anonymous_5)
FN:91,useTransaction
FNF:7
FNH:0
FNDA:0,TransactionProvider
FNDA:0,(anonymous_1)
FNDA:0,(anonymous_2)
FNDA:0,(anonymous_3)
FNDA:0,(anonymous_4)
FNDA:0,(anonymous_5)
FNDA:0,useTransaction
DA:26,0
DA:31,0
DA:33,0
DA:34,0
DA:35,0
DA:39,0
DA:43,0
DA:44,0
DA:45,0
DA:48,0
DA:49,0
DA:51,0
DA:52,0
DA:53,0
DA:54,0
DA:58,0
DA:62,0
DA:63,0
DA:67,0
DA:70,0
DA:73,0
DA:92,0
DA:93,0
DA:94,0
DA:96,0
LF:25
LH:0
BRDA:63,0,0,0
BRDA:63,0,1,0
BRDA:93,1,0,0
BRDA:93,1,1,0
BRF:4
BRH:0
end_of_record
TN:
SF:theme/ThemeContext.tsx
FN:29,ThemeProvider
FN:34,(anonymous_1)
FN:35,(anonymous_2)
FN:52,(anonymous_3)
FN:54,(anonymous_4)
FN:67,(anonymous_5)
FN:68,(anonymous_6)
FN:72,(anonymous_7)
FN:78,(anonymous_8)
FN:93,useTheme
FNF:10
FNH:0
FNDA:0,ThemeProvider
FNDA:0,(anonymous_1)
FNDA:0,(anonymous_2)
FNDA:0,(anonymous_3)
FNDA:0,(anonymous_4)
FNDA:0,(anonymous_5)
FNDA:0,(anonymous_6)
FNDA:0,(anonymous_7)
FNDA:0,(anonymous_8)
FNDA:0,useTheme
DA:21,0
DA:27,0
DA:30,0
DA:31,0
DA:34,0
DA:35,0
DA:36,0
DA:37,0
DA:38,0
DA:39,0
DA:42,0
DA:44,0
DA:48,0
DA:52,0
DA:53,0
DA:54,0
DA:55,0
DA:56,0
DA:58,0
DA:62,0
DA:67,0
DA:68,0
DA:72,0
DA:73,0
DA:77,0
DA:78,0
DA:86,0
DA:94,0
DA:95,0
DA:96,0
DA:98,0
LF:31
LH:0
BRDA:38,0,0,0
BRDA:38,0,1,0
BRDA:38,1,0,0
BRDA:38,1,1,0
BRDA:53,2,0,0
BRDA:53,2,1,0
BRDA:68,3,0,0
BRDA:68,3,1,0
BRDA:73,4,0,0
BRDA:73,4,1,0
BRDA:95,5,0,0
BRDA:95,5,1,0
BRF:12
BRH:0
end_of_record
TN:
SF:theme/colors.ts
FNF:0
FNH:0
DA:1,0
DA:31,0
DA:61,0
LF:3
LH:0
BRF:0
BRH:0
end_of_record
TN:
SF:theme/index.ts
FNF:0
FNH:0
LF:0
LH:0
BRF:0
BRH:0
end_of_record
TN:
SF:theme/radius.ts
FNF:0
FNH:0
DA:1,0
LF:1
LH:0
BRF:0
BRH:0
end_of_record
TN:
SF:theme/spacing.ts
FNF:0
FNH:0
DA:1,0
LF:1
LH:0
BRF:0
BRH:0
end_of_record
TN:
SF:theme/typography.ts
FNF:0
FNH:0
DA:1,0
LF:1
LH:0
BRF:0
BRH:0
end_of_record
TN:
SF:utils/addressUtils.ts
FN:17,truncateAddress
FN:38,(anonymous_1)
FN:41,(anonymous_2)
FNF:3
FNH:0
FNDA:0,truncateAddress
FNDA:0,(anonymous_1)
FNDA:0,(anonymous_2)
DA:22,0
DA:25,0
DA:26,0
DA:30,0
DA:38,0
DA:41,0
DA:42,0
DA:43,0
DA:46,0
DA:48,0
DA:52,0
DA:53,0
DA:55,0
LF:13
LH:0
BRDA:19,0,0,0
BRDA:20,1,0,0
BRDA:25,2,0,0
BRDA:25,2,1,0
BRDA:52,3,0,0
BRDA:52,3,1,0
BRDA:52,4,0,0
BRDA:52,4,1,0
BRF:8
BRH:0
end_of_record
TN:
SF:utils/addressValidation.ts
FN:6,(anonymous_0)
FN:19,(anonymous_1)
FNF:2
FNH:0
FNDA:0,(anonymous_0)
FNDA:0,(anonymous_1)
DA:6,0
DA:7,0
DA:9,0
DA:10,0
DA:12,0
DA:19,0
DA:21,0
DA:22,0
LF:8
LH:0
BRDA:7,0,0,0
BRDA:7,0,1,0
BRDA:7,1,0,0
BRDA:7,1,1,0
BRDA:21,2,0,0
BRDA:21,2,1,0
BRDA:22,3,0,0
BRDA:22,3,1,0
BRF:8
BRH:0
end_of_record
TN:
SF:utils/balanceUtils.ts
FN:67,clearBalanceCache
FN:72,fetchBalancesForAllChains
FN:78,(anonymous_2)
FN:85,(anonymous_3)
FN:98,(anonymous_4)
FN:109,createInitialChainBalances
FN:111,(anonymous_6)
FN:118,createInitialAllTokenBalances
FN:122,(anonymous_8)
FN:131,(anonymous_9)
FN:142,fetchChainBalances
FN:153,(anonymous_11)
FN:173,(anonymous_12)
FN:197,fetchTokenBalance
FN:214,fetchChainTokenBalances
FN:236,(anonymous_15)
FN:261,(anonymous_16)
FN:278,fetchAllTokenBalances
FN:288,(anonymous_18)
FN:300,(anonymous_19)
FN:308,(anonymous_20)
FN:337,getTokensWithBalances
FN:340,(anonymous_22)
FN:363,(anonymous_23)
FN:389,(anonymous_24)
FNF:25
FNH:1
FNDA:0,clearBalanceCache
FNDA:0,fetchBalancesForAllChains
FNDA:0,(anonymous_2)
FNDA:0,(anonymous_3)
FNDA:0,(anonymous_4)
FNDA:0,createInitialChainBalances
FNDA:0,(anonymous_6)
FNDA:0,createInitialAllTokenBalances
FNDA:0,(anonymous_8)
FNDA:0,(anonymous_9)
FNDA:0,fetchChainBalances
FNDA:0,(anonymous_11)
FNDA:0,(anonymous_12)
FNDA:0,fetchTokenBalance
FNDA:0,fetchChainTokenBalances
FNDA:0,(anonymous_15)
FNDA:0,(anonymous_16)
FNDA:0,fetchAllTokenBalances
FNDA:0,(anonymous_18)
FNDA:0,(anonymous_19)
FNDA:0,(anonymous_20)
FNDA:0,getTokensWithBalances
FNDA:0,(anonymous_22)
FNDA:0,(anonymous_23)
FNDA:20,(anonymous_24)
DA:45,1
DA:56,1
DA:60,1
DA:64,1
DA:68,0
DA:69,0
DA:75,0
DA:78,0
DA:79,0
DA:83,0
DA:84,0
DA:85,0
DA:86,0
DA:89,0
DA:90,0
DA:91,0
DA:93,0
DA:96,0
DA:98,0
DA:99,0
DA:100,0
DA:101,0
DA:103,0
DA:106,0
DA:110,0
DA:111,0
DA:119,0
DA:121,0
DA:124,0
DA:126,0
DA:131,0
DA:146,0
DA:147,0
DA:148,0
DA:152,0
DA:153,0
DA:154,0
DA:155,0
DA:158,0
DA:159,0
DA:161,0
DA:163,0
DA:168,0
DA:171,0
DA:173,0
DA:174,0
DA:175,0
DA:176,0
DA:177,0
DA:178,0
DA:180,0
DA:183,0
DA:188,0
DA:193,0
DA:203,0
DA:204,0
DA:205,0
DA:206,0
DA:208,0
DA:209,0
DA:218,0
DA:222,0
DA:223,0
DA:224,0
DA:225,0
DA:227,0
DA:231,0
DA:233,0
DA:234,0
DA:236,0
DA:237,0
DA:238,0
DA:239,0
DA:240,0
DA:247,0
DA:253,0
DA:255,0
DA:259,0
DA:261,0
DA:262,0
DA:263,0
DA:264,0
DA:265,0
DA:270,0
DA:274,0
DA:282,0
DA:283,0
DA:284,0
DA:287,0
DA:288,0
DA:289,0
DA:290,0
DA:291,0
DA:293,0
DA:297,0
DA:298,0
DA:300,0
DA:301,0
DA:302,0
DA:303,0
DA:306,0
DA:307,0
DA:308,0
DA:314,0
DA:322,0
DA:327,0
DA:338,0
DA:340,0
DA:341,0
DA:342,0
DA:345,0
DA:346,0
DA:347,0
DA:358,0
DA:360,0
DA:361,0
DA:363,0
DA:365,0
DA:366,0
DA:368,0
DA:369,0
DA:370,0
DA:371,0
DA:372,0
DA:386,0
DA:389,1
DA:390,20
DA:391,1
DA:393,19
LF:129
LH:8
BRDA:100,0,0,0
BRDA:100,0,1,0
BRDA:147,1,0,0
BRDA:147,1,1,0
BRDA:147,2,0,0
BRDA:147,2,1,0
BRDA:175,3,0,0
BRDA:175,3,1,0
BRDA:177,4,0,0
BRDA:177,4,1,0
BRDA:239,5,0,0
BRDA:239,5,1,0
BRDA:263,6,0,0
BRDA:263,6,1,0
BRDA:266,7,0,0
BRDA:266,7,1,0
BRDA:267,8,0,0
BRDA:267,8,1,0
BRDA:283,9,0,0
BRDA:283,9,1,0
BRDA:283,10,0,0
BRDA:283,10,1,0
BRDA:302,11,0,0
BRDA:302,11,1,0
BRDA:302,12,0,0
BRDA:302,12,1,0
BRDA:342,13,0,0
BRDA:342,13,1,0
BRDA:345,14,0,0
BRDA:345,14,1,0
BRDA:345,15,0,0
BRDA:345,15,1,0
BRDA:358,16,0,0
BRDA:358,16,1,0
BRDA:366,17,0,0
BRDA:366,17,1,0
BRDA:369,18,0,0
BRDA:369,18,1,0
BRDA:369,19,0,0
BRDA:369,19,1,0
BRDA:371,20,0,0
BRDA:371,20,1,0
BRDA:390,21,0,1
BRDA:390,21,1,19
BRF:44
BRH:2
end_of_record
TN:
SF:utils/explorerUtils.ts
FN:9,(anonymous_0)
FNF:1
FNH:0
FNDA:0,(anonymous_0)
DA:9,0
DA:13,0
DA:14,0
DA:17,0
DA:18,0
DA:20,0
DA:21,0
DA:24,0
DA:25,0
DA:27,0
DA:28,0
LF:11
LH:0
BRDA:13,0,0,0
BRDA:13,0,1,0
BRDA:13,1,0,0
BRDA:13,1,1,0
BRDA:20,2,0,0
BRDA:20,2,1,0
BRDA:20,3,0,0
BRDA:20,3,1,0
BRF:8
BRH:0
end_of_record
TN:
SF:utils/priceUtils.ts
FN:5,(anonymous_0)
FN:9,(anonymous_1)
FN:16,(anonymous_2)
FNF:3
FNH:0
FNDA:0,(anonymous_0)
FNDA:0,(anonymous_1)
FNDA:0,(anonymous_2)
DA:5,0
DA:6,0
DA:9,0
DA:13,0
DA:16,0
DA:17,0
LF:6
LH:0
BRF:0
BRH:0
end_of_record
TN:
SF:utils/transactionUtils.ts
FN:31,estimateGasForTransaction
FN:76,sendNativeTransaction
FN:156,getERC20TokenInfo
FN:186,getERC20TokenBalance
FN:206,checkERC20Allowance
FN:230,approveERC20Token
FN:271,sendERC20Transaction
FN:336,estimateGasForERC20Transfer
FNF:8
FNH:0
FNDA:0,estimateGasForTransaction
FNDA:0,sendNativeTransaction
FNDA:0,getERC20TokenInfo
FNDA:0,getERC20TokenBalance
FNDA:0,checkERC20Allowance
FNDA:0,approveERC20Token
FNDA:0,sendERC20Transaction
FNDA:0,estimateGasForERC20Transfer
DA:37,0
DA:38,0
DA:41,0
DA:48,0
DA:51,0
DA:52,0
DA:53,0
DA:60,0
DA:61,0
DA:62,0
DA:68,0
DA:71,0
DA:72,0
DA:83,0
DA:85,0
DA:88,0
DA:91,0
DA:94,0
DA:98,0
DA:99,0
DA:101,0
DA:109,0
DA:116,0
DA:117,0
DA:118,0
DA:119,0
DA:120,0
DA:121,0
DA:123,0
DA:127,0
DA:130,0
DA:132,0
DA:137,0
DA:138,0
DA:146,0
DA:161,0
DA:162,0
DA:168,0
DA:174,0
DA:181,0
DA:182,0
DA:191,0
DA:192,0
DA:197,0
DA:198,0
DA:199,0
DA:201,0
DA:202,0
DA:212,0
DA:213,0
DA:218,0
DA:222,0
DA:223,0
DA:225,0
DA:226,0
DA:238,0
DA:239,0
DA:240,0
DA:241,0
DA:248,0
DA:249,0
DA:250,0
DA:253,0
DA:255,0
DA:256,0
DA:258,0
DA:263,0
DA:264,0
DA:277,0
DA:278,0
DA:279,0
DA:280,0
DA:287,0
DA:288,0
DA:289,0
DA:292,0
DA:298,0
DA:300,0
DA:301,0
DA:304,0
DA:305,0
DA:306,0
DA:307,0
DA:308,0
DA:309,0
DA:316,0
DA:321,0
DA:323,0
DA:328,0
DA:329,0
DA:344,0
DA:345,0
DA:352,0
DA:353,0
DA:354,0
DA:357,0
DA:360,0
DA:369,0
DA:372,0
DA:373,0
DA:374,0
DA:381,0
DA:382,0
DA:383,0
DA:389,0
DA:392,0
DA:393,0
LF:107
LH:0
BRDA:51,0,0,0
BRDA:51,0,1,0
BRDA:51,1,0,0
BRDA:51,1,1,0
BRDA:60,2,0,0
BRDA:60,2,1,0
BRDA:98,3,0,0
BRDA:98,3,1,0
BRDA:116,4,0,0
BRDA:116,4,1,0
BRDA:116,5,0,0
BRDA:116,5,1,0
BRDA:120,6,0,0
BRDA:120,6,1,0
BRDA:134,7,0,0
BRDA:134,7,1,0
BRDA:140,8,0,0
BRDA:140,8,1,0
BRDA:249,9,0,0
BRDA:249,9,1,0
BRDA:260,10,0,0
BRDA:260,10,1,0
BRDA:266,11,0,0
BRDA:266,11,1,0
BRDA:288,12,0,0
BRDA:288,12,1,0
BRDA:300,13,0,0
BRDA:300,13,1,0
BRDA:304,14,0,0
BRDA:304,14,1,0
BRDA:304,15,0,0
BRDA:304,15,1,0
BRDA:308,16,0,0
BRDA:308,16,1,0
BRDA:325,17,0,0
BRDA:325,17,1,0
BRDA:331,18,0,0
BRDA:331,18,1,0
BRDA:353,19,0,0
BRDA:353,19,1,0
BRDA:372,20,0,0
BRDA:372,20,1,0
BRDA:372,21,0,0
BRDA:372,21,1,0
BRDA:381,22,0,0
BRDA:381,22,1,0
BRF:46
BRH:0
end_of_record
